<?xml version="1.0" encoding="UTF-8"?>
<testsuite xmlns:xsi="http://www.w3.org/2001/XMLSchema-instance" xsi:schemaLocation="https://maven.apache.org/surefire/maven-surefire-plugin/xsd/surefire-test-report.xsd" name="TestSuite" time="179.334" tests="21" errors="0" skipped="0" failures="0">
  <properties>
[...]
</properties>
  <testcase name="isLoginBtnVisible" classname="testCases.TC001_LoginTest" time="0.144"/>
  <testcase name="isLoginBtnClickable" classname="testCases.TC001_LoginTest" time="0.188"/>
  <testcase name="verifyInvalidLogin" classname="testCases.TC001_LoginTest" time="1.932"/>
  <testcase name="verifyLogin" classname="testCases.TC001_LoginTest" time="1.967"/>
  <testcase name="verifySignUpVisible" classname="testCases.TC002_SignUpTest" time="0.096"/>
  <testcase name="verifySignUpEnabled" classname="testCases.TC002_SignUpTest" time="0.055"/>
  <testcase name="verifySignUpClick" classname="testCases.TC002_SignUpTest" time="1.049"/>
  <testcase name="verifyAddAllFields" classname="testCases.TC003_AddContactTest" time="3.494"/>
  <testcase name="verifyAddDuplicateFields" classname="testCases.TC003_AddContactTest" time="5.694"/>
  <testcase name="verifyInvalidDOBFormat" classname="testCases.TC003_AddContactTest" time="4.375"/>
  <testcase name="verifyAddWoOptionalFields" classname="testCases.TC003_AddContactTest" time="4.08"/>
  <testcase name="isAlertComingForDelete" classname="testCases.TC004_DeleteContactTest" time="3.599"/>
  <testcase name="verifyDeleteContact" classname="testCases.TC004_DeleteContactTest" time="2.75"/>
  <testcase name="verifyAddedContact" classname="testCases.TC005_ContactDisplayTest" time="2.164"/>
  <testcase name="verifyPhoneNumberExtensions" classname="testCases.TC005_ContactDisplayTest" time="1.037"/>
  <testcase name="verifySortLastName" classname="testCases.TC005_ContactDisplayTest" time="0.446"/>
  <testcase name="verifyPageRedirectContact" classname="testCases.TC006_EditContactTest" time="1.006"/>
  <testcase name="verifyEditContactDetails" classname="testCases.TC006_EditContactTest" time="5.879"/>
  <testcase name="verifySaveEmptyFields" classname="testCases.TC006_EditContactTest" time="2.524"/>
  <testcase name="verifyBtnLogoutVisible" classname="testCases.TC007_LogoutTest" time="1.408"/>
  <testcase name="verifyBtnLogout" classname="testCases.TC007_LogoutTest" time="1.363"/>
</testsuite>