<?xml version="1.0" encoding="UTF-8"?>
<testng-results ignored="0" total="21" passed="21" failed="0" skipped="0">
  <reporter-output>
  </reporter-output>
  <suite started-at="2025-04-09T21:10:47 IST" name="Surefire suite" finished-at="2025-04-09T21:13:43 IST" duration-ms="176319">
    <groups>
    </groups>
    <test started-at="2025-04-09T21:10:47 IST" name="Surefire test" finished-at="2025-04-09T21:13:43 IST" duration-ms="176319">
      <class name="testCases.TC001_LoginTest">
        <test-method is-config="true" signature="setUp(java.lang.String)[pri:0, instance:testCases.TC001_LoginTest@7995092a]" started-at="2025-04-09T21:10:47 IST" name="setUp" finished-at="2025-04-09T21:11:26 IST" duration-ms="38447" status="PASS">
          <params>
            <param index="0">
              <value>
                <![CDATA[chrome]]>
              </value>
            </param>
          </params>
          <reporter-output>
          </reporter-output>
        </test-method> <!-- setUp -->
        <test-method is-config="true" signature="initElements()[pri:0, instance:testCases.TC001_LoginTest@7995092a]" started-at="2025-04-09T21:11:26 IST" name="initElements" finished-at="2025-04-09T21:11:26 IST" duration-ms="375" status="PASS">
          <reporter-output>
          </reporter-output>
        </test-method> <!-- initElements -->
        <test-method signature="isLoginBtnVisible()[pri:1, instance:testCases.TC001_LoginTest@7995092a]" started-at="2025-04-09T21:11:26 IST" name="isLoginBtnVisible" finished-at="2025-04-09T21:11:26 IST" duration-ms="142" status="PASS">
          <reporter-output>
          </reporter-output>
        </test-method> <!-- isLoginBtnVisible -->
        <test-method signature="isLoginBtnClickable()[pri:2, instance:testCases.TC001_LoginTest@7995092a]" started-at="2025-04-09T21:11:26 IST" name="isLoginBtnClickable" finished-at="2025-04-09T21:11:27 IST" duration-ms="186" status="PASS">
          <reporter-output>
          </reporter-output>
        </test-method> <!-- isLoginBtnClickable -->
        <test-method signature="verifyInvalidLogin()[pri:3, instance:testCases.TC001_LoginTest@7995092a]" started-at="2025-04-09T21:11:27 IST" name="verifyInvalidLogin" finished-at="2025-04-09T21:11:28 IST" duration-ms="1934" status="PASS">
          <reporter-output>
          </reporter-output>
        </test-method> <!-- verifyInvalidLogin -->
        <test-method signature="verifyLogin()[pri:4, instance:testCases.TC001_LoginTest@7995092a]" started-at="2025-04-09T21:11:28 IST" name="verifyLogin" finished-at="2025-04-09T21:11:30 IST" duration-ms="1967" status="PASS">
          <reporter-output>
          </reporter-output>
        </test-method> <!-- verifyLogin -->
        <test-method is-config="true" signature="tearDown()[pri:0, instance:testCases.TC001_LoginTest@7995092a]" started-at="2025-04-09T21:11:30 IST" name="tearDown" finished-at="2025-04-09T21:11:32 IST" duration-ms="1667" status="PASS">
          <reporter-output>
          </reporter-output>
        </test-method> <!-- tearDown -->
      </class> <!-- testCases.TC001_LoginTest -->
      <class name="testCases.TC007_LogoutTest">
        <test-method is-config="true" signature="setUp(java.lang.String)[pri:0, instance:testCases.TC007_LogoutTest@7d3a22a9]" started-at="2025-04-09T21:13:17 IST" name="setUp" finished-at="2025-04-09T21:13:34 IST" duration-ms="16959" status="PASS">
          <params>
            <param index="0">
              <value>
                <![CDATA[chrome]]>
              </value>
            </param>
          </params>
          <reporter-output>
          </reporter-output>
        </test-method> <!-- setUp -->
        <test-method is-config="true" signature="setup()[pri:0, instance:testCases.TC007_LogoutTest@7d3a22a9]" started-at="2025-04-09T21:13:34 IST" name="setup" finished-at="2025-04-09T21:13:35 IST" duration-ms="836" status="PASS">
          <reporter-output>
          </reporter-output>
        </test-method> <!-- setup -->
        <test-method signature="verifyBtnLogoutVisible()[pri:1, instance:testCases.TC007_LogoutTest@7d3a22a9]" started-at="2025-04-09T21:13:35 IST" name="verifyBtnLogoutVisible" finished-at="2025-04-09T21:13:37 IST" duration-ms="1408" status="PASS">
          <reporter-output>
          </reporter-output>
        </test-method> <!-- verifyBtnLogoutVisible -->
        <test-method signature="verifyBtnLogout()[pri:2, instance:testCases.TC007_LogoutTest@7d3a22a9]" started-at="2025-04-09T21:13:37 IST" name="verifyBtnLogout" finished-at="2025-04-09T21:13:38 IST" depends-on-methods="testCases.TC007_LogoutTest.verifyBtnLogoutVisible" duration-ms="1366" status="PASS">
          <reporter-output>
          </reporter-output>
        </test-method> <!-- verifyBtnLogout -->
        <test-method is-config="true" signature="tearDown()[pri:0, instance:testCases.TC007_LogoutTest@7d3a22a9]" started-at="2025-04-09T21:13:38 IST" name="tearDown" finished-at="2025-04-09T21:13:43 IST" duration-ms="5474" status="PASS">
          <reporter-output>
          </reporter-output>
        </test-method> <!-- tearDown -->
      </class> <!-- testCases.TC007_LogoutTest -->
      <class name="testCases.TC002_SignUpTest">
        <test-method is-config="true" signature="setUp(java.lang.String)[pri:0, instance:testCases.TC002_SignUpTest@f8c1ddd]" started-at="2025-04-09T21:11:32 IST" name="setUp" finished-at="2025-04-09T21:11:43 IST" duration-ms="10665" status="PASS">
          <params>
            <param index="0">
              <value>
                <![CDATA[chrome]]>
              </value>
            </param>
          </params>
          <reporter-output>
          </reporter-output>
        </test-method> <!-- setUp -->
        <test-method is-config="true" signature="initElements()[pri:0, instance:testCases.TC002_SignUpTest@f8c1ddd]" started-at="2025-04-09T21:11:43 IST" name="initElements" finished-at="2025-04-09T21:11:43 IST" duration-ms="2" status="PASS">
          <reporter-output>
          </reporter-output>
        </test-method> <!-- initElements -->
        <test-method signature="verifySignUpVisible()[pri:1, instance:testCases.TC002_SignUpTest@f8c1ddd]" started-at="2025-04-09T21:11:43 IST" name="verifySignUpVisible" finished-at="2025-04-09T21:11:43 IST" duration-ms="90" status="PASS">
          <reporter-output>
          </reporter-output>
        </test-method> <!-- verifySignUpVisible -->
        <test-method signature="verifySignUpEnabled()[pri:2, instance:testCases.TC002_SignUpTest@f8c1ddd]" started-at="2025-04-09T21:11:43 IST" name="verifySignUpEnabled" finished-at="2025-04-09T21:11:43 IST" duration-ms="57" status="PASS">
          <reporter-output>
          </reporter-output>
        </test-method> <!-- verifySignUpEnabled -->
        <test-method signature="verifySignUpClick()[pri:3, instance:testCases.TC002_SignUpTest@f8c1ddd]" started-at="2025-04-09T21:11:43 IST" name="verifySignUpClick" finished-at="2025-04-09T21:11:44 IST" duration-ms="1042" status="PASS">
          <reporter-output>
          </reporter-output>
        </test-method> <!-- verifySignUpClick -->
        <test-method is-config="true" signature="tearDown()[pri:0, instance:testCases.TC002_SignUpTest@f8c1ddd]" started-at="2025-04-09T21:11:44 IST" name="tearDown" finished-at="2025-04-09T21:11:45 IST" duration-ms="698" status="PASS">
          <reporter-output>
          </reporter-output>
        </test-method> <!-- tearDown -->
      </class> <!-- testCases.TC002_SignUpTest -->
      <class name="testCases.TC006_EditContactTest">
        <test-method is-config="true" signature="setUp(java.lang.String)[pri:0, instance:testCases.TC006_EditContactTest@23986957]" started-at="2025-04-09T21:12:45 IST" name="setUp" finished-at="2025-04-09T21:12:55 IST" duration-ms="9759" status="PASS">
          <params>
            <param index="0">
              <value>
                <![CDATA[chrome]]>
              </value>
            </param>
          </params>
          <reporter-output>
          </reporter-output>
        </test-method> <!-- setUp -->
        <test-method is-config="true" signature="setup()[pri:0, instance:testCases.TC006_EditContactTest@23986957]" started-at="2025-04-09T21:12:55 IST" name="setup" finished-at="2025-04-09T21:12:56 IST" duration-ms="1077" status="PASS">
          <reporter-output>
          </reporter-output>
        </test-method> <!-- setup -->
        <test-method is-config="true" signature="clickContactDetail()[pri:0, instance:testCases.TC006_EditContactTest@23986957]" started-at="2025-04-09T21:12:56 IST" name="clickContactDetail" finished-at="2025-04-09T21:12:58 IST" duration-ms="2764" status="PASS">
          <reporter-output>
          </reporter-output>
        </test-method> <!-- clickContactDetail -->
        <test-method signature="verifyPageRedirectContact()[pri:1, instance:testCases.TC006_EditContactTest@23986957]" started-at="2025-04-09T21:12:58 IST" name="verifyPageRedirectContact" finished-at="2025-04-09T21:12:59 IST" duration-ms="1006" status="PASS">
          <reporter-output>
          </reporter-output>
        </test-method> <!-- verifyPageRedirectContact -->
        <test-method is-config="true" signature="clickContactDetail()[pri:0, instance:testCases.TC006_EditContactTest@23986957]" started-at="2025-04-09T21:12:59 IST" name="clickContactDetail" finished-at="2025-04-09T21:13:01 IST" duration-ms="1737" status="PASS">
          <reporter-output>
          </reporter-output>
        </test-method> <!-- clickContactDetail -->
        <test-method signature="verifyEditContactDetails()[pri:2, instance:testCases.TC006_EditContactTest@23986957]" started-at="2025-04-09T21:13:01 IST" name="verifyEditContactDetails" finished-at="2025-04-09T21:13:07 IST" duration-ms="5877" status="PASS">
          <reporter-output>
          </reporter-output>
        </test-method> <!-- verifyEditContactDetails -->
        <test-method is-config="true" signature="clickContactDetail()[pri:0, instance:testCases.TC006_EditContactTest@23986957]" started-at="2025-04-09T21:13:07 IST" name="clickContactDetail" finished-at="2025-04-09T21:13:08 IST" duration-ms="1364" status="PASS">
          <reporter-output>
          </reporter-output>
        </test-method> <!-- clickContactDetail -->
        <test-method signature="verifySaveEmptyFields()[pri:3, instance:testCases.TC006_EditContactTest@23986957]" started-at="2025-04-09T21:13:08 IST" name="verifySaveEmptyFields" finished-at="2025-04-09T21:13:11 IST" duration-ms="2525" status="PASS">
          <reporter-output>
          </reporter-output>
        </test-method> <!-- verifySaveEmptyFields -->
        <test-method is-config="true" signature="tearDown()[pri:0, instance:testCases.TC006_EditContactTest@23986957]" started-at="2025-04-09T21:13:11 IST" name="tearDown" finished-at="2025-04-09T21:13:17 IST" duration-ms="6426" status="PASS">
          <reporter-output>
          </reporter-output>
        </test-method> <!-- tearDown -->
      </class> <!-- testCases.TC006_EditContactTest -->
      <class name="testCases.TC003_AddContactTest">
        <test-method is-config="true" signature="setUp(java.lang.String)[pri:0, instance:testCases.TC003_AddContactTest@70be0a2b]" started-at="2025-04-09T21:11:45 IST" name="setUp" finished-at="2025-04-09T21:11:52 IST" duration-ms="6986" status="PASS">
          <params>
            <param index="0">
              <value>
                <![CDATA[chrome]]>
              </value>
            </param>
          </params>
          <reporter-output>
          </reporter-output>
        </test-method> <!-- setUp -->
        <test-method is-config="true" signature="setup()[pri:0, instance:testCases.TC003_AddContactTest@70be0a2b]" started-at="2025-04-09T21:11:52 IST" name="setup" finished-at="2025-04-09T21:11:53 IST" duration-ms="984" status="PASS">
          <reporter-output>
          </reporter-output>
        </test-method> <!-- setup -->
        <test-method is-config="true" signature="navigateToAddContact()[pri:0, instance:testCases.TC003_AddContactTest@70be0a2b]" started-at="2025-04-09T21:11:53 IST" name="navigateToAddContact" finished-at="2025-04-09T21:11:55 IST" duration-ms="2305" status="PASS">
          <reporter-output>
          </reporter-output>
        </test-method> <!-- navigateToAddContact -->
        <test-method signature="verifyAddAllFields()[pri:1, instance:testCases.TC003_AddContactTest@70be0a2b]" started-at="2025-04-09T21:11:55 IST" name="verifyAddAllFields" finished-at="2025-04-09T21:11:58 IST" duration-ms="3494" status="PASS">
          <reporter-output>
          </reporter-output>
        </test-method> <!-- verifyAddAllFields -->
        <test-method is-config="true" signature="navigateToAddContact()[pri:0, instance:testCases.TC003_AddContactTest@70be0a2b]" started-at="2025-04-09T21:11:58 IST" name="navigateToAddContact" finished-at="2025-04-09T21:11:59 IST" duration-ms="809" status="PASS">
          <reporter-output>
          </reporter-output>
        </test-method> <!-- navigateToAddContact -->
        <test-method signature="verifyAddDuplicateFields()[pri:2, instance:testCases.TC003_AddContactTest@70be0a2b]" started-at="2025-04-09T21:11:59 IST" name="verifyAddDuplicateFields" finished-at="2025-04-09T21:12:05 IST" duration-ms="5691" status="PASS">
          <reporter-output>
          </reporter-output>
        </test-method> <!-- verifyAddDuplicateFields -->
        <test-method is-config="true" signature="navigateToAddContact()[pri:0, instance:testCases.TC003_AddContactTest@70be0a2b]" started-at="2025-04-09T21:12:05 IST" name="navigateToAddContact" finished-at="2025-04-09T21:12:06 IST" duration-ms="1020" status="PASS">
          <reporter-output>
          </reporter-output>
        </test-method> <!-- navigateToAddContact -->
        <test-method signature="verifyInvalidDOBFormat()[pri:3, instance:testCases.TC003_AddContactTest@70be0a2b]" started-at="2025-04-09T21:12:06 IST" name="verifyInvalidDOBFormat" finished-at="2025-04-09T21:12:10 IST" duration-ms="4375" status="PASS">
          <reporter-output>
          </reporter-output>
        </test-method> <!-- verifyInvalidDOBFormat -->
        <test-method is-config="true" signature="navigateToAddContact()[pri:0, instance:testCases.TC003_AddContactTest@70be0a2b]" started-at="2025-04-09T21:12:10 IST" name="navigateToAddContact" finished-at="2025-04-09T21:12:12 IST" duration-ms="1436" status="PASS">
          <reporter-output>
          </reporter-output>
        </test-method> <!-- navigateToAddContact -->
        <test-method signature="verifyAddWoOptionalFields()[pri:4, instance:testCases.TC003_AddContactTest@70be0a2b]" started-at="2025-04-09T21:12:12 IST" name="verifyAddWoOptionalFields" finished-at="2025-04-09T21:12:16 IST" duration-ms="4081" status="PASS">
          <reporter-output>
          </reporter-output>
        </test-method> <!-- verifyAddWoOptionalFields -->
        <test-method is-config="true" signature="tearDown()[pri:0, instance:testCases.TC003_AddContactTest@70be0a2b]" started-at="2025-04-09T21:12:16 IST" name="tearDown" finished-at="2025-04-09T21:12:17 IST" duration-ms="1056" status="PASS">
          <reporter-output>
          </reporter-output>
        </test-method> <!-- tearDown -->
      </class> <!-- testCases.TC003_AddContactTest -->
      <class name="testCases.TC005_ContactDisplayTest">
        <test-method is-config="true" signature="setUp(java.lang.String)[pri:0, instance:testCases.TC005_ContactDisplayTest@4c15e7fd]" started-at="2025-04-09T21:12:33 IST" name="setUp" finished-at="2025-04-09T21:12:39 IST" duration-ms="6315" status="PASS">
          <params>
            <param index="0">
              <value>
                <![CDATA[chrome]]>
              </value>
            </param>
          </params>
          <reporter-output>
          </reporter-output>
        </test-method> <!-- setUp -->
        <test-method is-config="true" signature="setup()[pri:0, instance:testCases.TC005_ContactDisplayTest@4c15e7fd]" started-at="2025-04-09T21:12:39 IST" name="setup" finished-at="2025-04-09T21:12:40 IST" duration-ms="981" status="PASS">
          <reporter-output>
          </reporter-output>
        </test-method> <!-- setup -->
        <test-method signature="verifyAddedContact()[pri:1, instance:testCases.TC005_ContactDisplayTest@4c15e7fd]" started-at="2025-04-09T21:12:40 IST" name="verifyAddedContact" finished-at="2025-04-09T21:12:42 IST" duration-ms="2164" status="PASS">
          <reporter-output>
          </reporter-output>
        </test-method> <!-- verifyAddedContact -->
        <test-method signature="verifyPhoneNumberExtensions()[pri:2, instance:testCases.TC005_ContactDisplayTest@4c15e7fd]" started-at="2025-04-09T21:12:42 IST" name="verifyPhoneNumberExtensions" finished-at="2025-04-09T21:12:43 IST" duration-ms="1037" status="PASS">
          <reporter-output>
          </reporter-output>
        </test-method> <!-- verifyPhoneNumberExtensions -->
        <test-method signature="verifySortLastName()[pri:3, instance:testCases.TC005_ContactDisplayTest@4c15e7fd]" started-at="2025-04-09T21:12:43 IST" name="verifySortLastName" finished-at="2025-04-09T21:12:44 IST" duration-ms="444" status="PASS">
          <reporter-output>
          </reporter-output>
        </test-method> <!-- verifySortLastName -->
        <test-method is-config="true" signature="tearDown()[pri:0, instance:testCases.TC005_ContactDisplayTest@4c15e7fd]" started-at="2025-04-09T21:12:44 IST" name="tearDown" finished-at="2025-04-09T21:12:45 IST" duration-ms="1198" status="PASS">
          <reporter-output>
          </reporter-output>
        </test-method> <!-- tearDown -->
      </class> <!-- testCases.TC005_ContactDisplayTest -->
      <class name="testCases.TC004_DeleteContactTest">
        <test-method is-config="true" signature="setUp(java.lang.String)[pri:0, instance:testCases.TC004_DeleteContactTest@2133814f]" started-at="2025-04-09T21:12:17 IST" name="setUp" finished-at="2025-04-09T21:12:25 IST" duration-ms="7570" status="PASS">
          <params>
            <param index="0">
              <value>
                <![CDATA[chrome]]>
              </value>
            </param>
          </params>
          <reporter-output>
          </reporter-output>
        </test-method> <!-- setUp -->
        <test-method is-config="true" signature="setup()[pri:0, instance:testCases.TC004_DeleteContactTest@2133814f]" started-at="2025-04-09T21:12:25 IST" name="setup" finished-at="2025-04-09T21:12:26 IST" duration-ms="1007" status="PASS">
          <reporter-output>
          </reporter-output>
        </test-method> <!-- setup -->
        <test-method signature="isAlertComingForDelete()[pri:1, instance:testCases.TC004_DeleteContactTest@2133814f]" started-at="2025-04-09T21:12:26 IST" name="isAlertComingForDelete" finished-at="2025-04-09T21:12:29 IST" duration-ms="3597" status="PASS">
          <reporter-output>
          </reporter-output>
        </test-method> <!-- isAlertComingForDelete -->
        <test-method signature="verifyDeleteContact()[pri:2, instance:testCases.TC004_DeleteContactTest@2133814f]" started-at="2025-04-09T21:12:29 IST" name="verifyDeleteContact" finished-at="2025-04-09T21:12:32 IST" duration-ms="2748" status="PASS">
          <reporter-output>
          </reporter-output>
        </test-method> <!-- verifyDeleteContact -->
        <test-method is-config="true" signature="tearDown()[pri:0, instance:testCases.TC004_DeleteContactTest@2133814f]" started-at="2025-04-09T21:12:32 IST" name="tearDown" finished-at="2025-04-09T21:12:33 IST" duration-ms="826" status="PASS">
          <reporter-output>
          </reporter-output>
        </test-method> <!-- tearDown -->
      </class> <!-- testCases.TC004_DeleteContactTest -->
    </test> <!-- Surefire test -->
  </suite> <!-- Surefire suite -->
</testng-results>
