<?xml version="1.0" encoding="UTF-8"?>
<testng-results ignored="0" total="19" passed="19" failed="0" skipped="0">
  <reporter-output>
  </reporter-output>
  <suite started-at="2025-03-31T15:29:18 IST" name="Surefire suite" finished-at="2025-03-31T15:31:01 IST" duration-ms="102645">
    <groups>
    </groups>
    <test started-at="2025-03-31T15:29:18 IST" name="Surefire test" finished-at="2025-03-31T15:31:01 IST" duration-ms="102645">
      <class name="testCases.TC001_LoginTest">
        <test-method is-config="true" signature="setUp(java.lang.String)[pri:0, instance:testCases.TC001_LoginTest@402e37bc]" started-at="2025-03-31T15:29:18 IST" name="setUp" finished-at="2025-03-31T15:29:35 IST" duration-ms="16596" status="PASS">
          <params>
            <param index="0">
              <value>
                <![CDATA[chrome]]>
              </value>
            </param>
          </params>
          <reporter-output>
          </reporter-output>
        </test-method> <!-- setUp -->
        <test-method is-config="true" signature="initElements()[pri:0, instance:testCases.TC001_LoginTest@402e37bc]" started-at="2025-03-31T15:29:35 IST" name="initElements" finished-at="2025-03-31T15:29:35 IST" duration-ms="217" status="PASS">
          <reporter-output>
          </reporter-output>
        </test-method> <!-- initElements -->
        <test-method signature="isLoginBtnVisible()[pri:1, instance:testCases.TC001_LoginTest@402e37bc]" started-at="2025-03-31T15:29:35 IST" name="isLoginBtnVisible" finished-at="2025-03-31T15:29:36 IST" duration-ms="1052" status="PASS">
          <reporter-output>
          </reporter-output>
        </test-method> <!-- isLoginBtnVisible -->
        <test-method signature="isLoginBtnClickable()[pri:2, instance:testCases.TC001_LoginTest@402e37bc]" started-at="2025-03-31T15:29:36 IST" name="isLoginBtnClickable" finished-at="2025-03-31T15:29:37 IST" duration-ms="207" status="PASS">
          <reporter-output>
          </reporter-output>
        </test-method> <!-- isLoginBtnClickable -->
        <test-method signature="verifyInvalidLogin()[pri:3, instance:testCases.TC001_LoginTest@402e37bc]" started-at="2025-03-31T15:29:37 IST" name="verifyInvalidLogin" finished-at="2025-03-31T15:29:38 IST" duration-ms="1801" status="PASS">
          <reporter-output>
          </reporter-output>
        </test-method> <!-- verifyInvalidLogin -->
        <test-method signature="verifyLogin()[pri:4, instance:testCases.TC001_LoginTest@402e37bc]" started-at="2025-03-31T15:29:38 IST" name="verifyLogin" finished-at="2025-03-31T15:29:41 IST" duration-ms="2466" status="PASS">
          <reporter-output>
          </reporter-output>
        </test-method> <!-- verifyLogin -->
        <test-method is-config="true" signature="tearDown()[pri:0, instance:testCases.TC001_LoginTest@402e37bc]" started-at="2025-03-31T15:29:41 IST" name="tearDown" finished-at="2025-03-31T15:29:41 IST" duration-ms="172" status="PASS">
          <reporter-output>
          </reporter-output>
        </test-method> <!-- tearDown -->
      </class> <!-- testCases.TC001_LoginTest -->
      <class name="testCases.TC007_LogoutTest">
        <test-method is-config="true" signature="setUp(java.lang.String)[pri:0, instance:testCases.TC007_LogoutTest@7995092a]" started-at="2025-03-31T15:30:46 IST" name="setUp" finished-at="2025-03-31T15:30:56 IST" duration-ms="10568" status="PASS">
          <params>
            <param index="0">
              <value>
                <![CDATA[chrome]]>
              </value>
            </param>
          </params>
          <reporter-output>
          </reporter-output>
        </test-method> <!-- setUp -->
        <test-method is-config="true" signature="setup()[pri:0, instance:testCases.TC007_LogoutTest@7995092a]" started-at="2025-03-31T15:30:56 IST" name="setup" finished-at="2025-03-31T15:30:57 IST" duration-ms="561" status="PASS">
          <reporter-output>
          </reporter-output>
        </test-method> <!-- setup -->
        <test-method signature="verifyBtnLogoutVisible()[pri:1, instance:testCases.TC007_LogoutTest@7995092a]" started-at="2025-03-31T15:30:57 IST" name="verifyBtnLogoutVisible" finished-at="2025-03-31T15:30:59 IST" duration-ms="1890" status="PASS">
          <reporter-output>
          </reporter-output>
        </test-method> <!-- verifyBtnLogoutVisible -->
        <test-method signature="verifyBtnLogout()[pri:2, instance:testCases.TC007_LogoutTest@7995092a]" started-at="2025-03-31T15:30:59 IST" name="verifyBtnLogout" finished-at="2025-03-31T15:31:01 IST" depends-on-methods="testCases.TC007_LogoutTest.verifyBtnLogoutVisible" duration-ms="2057" status="PASS">
          <reporter-output>
          </reporter-output>
        </test-method> <!-- verifyBtnLogout -->
        <test-method is-config="true" signature="tearDown()[pri:0, instance:testCases.TC007_LogoutTest@7995092a]" started-at="2025-03-31T15:31:01 IST" name="tearDown" finished-at="2025-03-31T15:31:01 IST" duration-ms="140" status="PASS">
          <reporter-output>
          </reporter-output>
        </test-method> <!-- tearDown -->
      </class> <!-- testCases.TC007_LogoutTest -->
      <class name="testCases.TC002_SignUpTest">
        <test-method is-config="true" signature="setUp(java.lang.String)[pri:0, instance:testCases.TC002_SignUpTest@79ad8b2f]" started-at="2025-03-31T15:29:41 IST" name="setUp" finished-at="2025-03-31T15:29:47 IST" duration-ms="6001" status="PASS">
          <params>
            <param index="0">
              <value>
                <![CDATA[chrome]]>
              </value>
            </param>
          </params>
          <reporter-output>
          </reporter-output>
        </test-method> <!-- setUp -->
        <test-method is-config="true" signature="initElements()[pri:0, instance:testCases.TC002_SignUpTest@79ad8b2f]" started-at="2025-03-31T15:29:47 IST" name="initElements" finished-at="2025-03-31T15:29:47 IST" duration-ms="1" status="PASS">
          <reporter-output>
          </reporter-output>
        </test-method> <!-- initElements -->
        <test-method signature="verifySignUpVisible()[pri:1, instance:testCases.TC002_SignUpTest@79ad8b2f]" started-at="2025-03-31T15:29:47 IST" name="verifySignUpVisible" finished-at="2025-03-31T15:29:47 IST" duration-ms="45" status="PASS">
          <reporter-output>
          </reporter-output>
        </test-method> <!-- verifySignUpVisible -->
        <test-method signature="verifySignUpEnabled()[pri:2, instance:testCases.TC002_SignUpTest@79ad8b2f]" started-at="2025-03-31T15:29:47 IST" name="verifySignUpEnabled" finished-at="2025-03-31T15:29:47 IST" duration-ms="39" status="PASS">
          <reporter-output>
          </reporter-output>
        </test-method> <!-- verifySignUpEnabled -->
        <test-method signature="verifySignUpClick()[pri:3, instance:testCases.TC002_SignUpTest@79ad8b2f]" started-at="2025-03-31T15:29:47 IST" name="verifySignUpClick" finished-at="2025-03-31T15:29:48 IST" duration-ms="796" status="PASS">
          <reporter-output>
          </reporter-output>
        </test-method> <!-- verifySignUpClick -->
        <test-method is-config="true" signature="tearDown()[pri:0, instance:testCases.TC002_SignUpTest@79ad8b2f]" started-at="2025-03-31T15:29:48 IST" name="tearDown" finished-at="2025-03-31T15:29:48 IST" duration-ms="114" status="PASS">
          <reporter-output>
          </reporter-output>
        </test-method> <!-- tearDown -->
      </class> <!-- testCases.TC002_SignUpTest -->
      <class name="testCases.TC006_EditContactTest">
        <test-method is-config="true" signature="setUp(java.lang.String)[pri:0, instance:testCases.TC006_EditContactTest@6a01e23]" started-at="2025-03-31T15:30:31 IST" name="setUp" finished-at="2025-03-31T15:30:38 IST" duration-ms="6042" status="PASS">
          <params>
            <param index="0">
              <value>
                <![CDATA[chrome]]>
              </value>
            </param>
          </params>
          <reporter-output>
          </reporter-output>
        </test-method> <!-- setUp -->
        <test-method is-config="true" signature="setup()[pri:0, instance:testCases.TC006_EditContactTest@6a01e23]" started-at="2025-03-31T15:30:38 IST" name="setup" finished-at="2025-03-31T15:30:38 IST" duration-ms="554" status="PASS">
          <reporter-output>
          </reporter-output>
        </test-method> <!-- setup -->
        <test-method is-config="true" signature="clickContactDetail()[pri:0, instance:testCases.TC006_EditContactTest@6a01e23]" started-at="2025-03-31T15:30:38 IST" name="clickContactDetail" finished-at="2025-03-31T15:30:40 IST" duration-ms="2388" status="PASS">
          <reporter-output>
          </reporter-output>
        </test-method> <!-- clickContactDetail -->
        <test-method signature="verifyPageRedirectContact()[pri:1, instance:testCases.TC006_EditContactTest@6a01e23]" started-at="2025-03-31T15:30:40 IST" name="verifyPageRedirectContact" finished-at="2025-03-31T15:30:42 IST" duration-ms="1107" status="PASS">
          <reporter-output>
          </reporter-output>
        </test-method> <!-- verifyPageRedirectContact -->
        <test-method is-config="true" signature="clickContactDetail()[pri:0, instance:testCases.TC006_EditContactTest@6a01e23]" started-at="2025-03-31T15:30:42 IST" name="clickContactDetail" finished-at="2025-03-31T15:30:43 IST" duration-ms="1062" status="PASS">
          <reporter-output>
          </reporter-output>
        </test-method> <!-- clickContactDetail -->
        <test-method signature="verifyEditContactDetails()[pri:2, instance:testCases.TC006_EditContactTest@6a01e23]" started-at="2025-03-31T15:30:43 IST" name="verifyEditContactDetails" finished-at="2025-03-31T15:30:46 IST" duration-ms="3060" status="PASS">
          <reporter-output>
          </reporter-output>
        </test-method> <!-- verifyEditContactDetails -->
      </class> <!-- testCases.TC006_EditContactTest -->
      <class name="testCases.TC003_AddContactTest">
        <test-method is-config="true" signature="setUp(java.lang.String)[pri:0, instance:testCases.TC003_AddContactTest@1df82230]" started-at="2025-03-31T15:29:48 IST" name="setUp" finished-at="2025-03-31T15:29:52 IST" duration-ms="4129" status="PASS">
          <params>
            <param index="0">
              <value>
                <![CDATA[chrome]]>
              </value>
            </param>
          </params>
          <reporter-output>
          </reporter-output>
        </test-method> <!-- setUp -->
        <test-method is-config="true" signature="setup()[pri:0, instance:testCases.TC003_AddContactTest@1df82230]" started-at="2025-03-31T15:29:52 IST" name="setup" finished-at="2025-03-31T15:29:53 IST" duration-ms="504" status="PASS">
          <reporter-output>
          </reporter-output>
        </test-method> <!-- setup -->
        <test-method is-config="true" signature="navigateToAddContact()[pri:0, instance:testCases.TC003_AddContactTest@1df82230]" started-at="2025-03-31T15:29:53 IST" name="navigateToAddContact" finished-at="2025-03-31T15:29:55 IST" duration-ms="2184" status="PASS">
          <reporter-output>
          </reporter-output>
        </test-method> <!-- navigateToAddContact -->
        <test-method signature="verifyAddAllFields()[pri:1, instance:testCases.TC003_AddContactTest@1df82230]" started-at="2025-03-31T15:29:55 IST" name="verifyAddAllFields" finished-at="2025-03-31T15:29:57 IST" duration-ms="2236" status="PASS">
          <reporter-output>
          </reporter-output>
        </test-method> <!-- verifyAddAllFields -->
        <test-method is-config="true" signature="navigateToAddContact()[pri:0, instance:testCases.TC003_AddContactTest@1df82230]" started-at="2025-03-31T15:29:57 IST" name="navigateToAddContact" finished-at="2025-03-31T15:29:58 IST" duration-ms="726" status="PASS">
          <reporter-output>
          </reporter-output>
        </test-method> <!-- navigateToAddContact -->
        <test-method signature="verifyAddDuplicateFields()[pri:2, instance:testCases.TC003_AddContactTest@1df82230]" started-at="2025-03-31T15:29:58 IST" name="verifyAddDuplicateFields" finished-at="2025-03-31T15:30:00 IST" duration-ms="2448" status="PASS">
          <reporter-output>
          </reporter-output>
        </test-method> <!-- verifyAddDuplicateFields -->
        <test-method is-config="true" signature="navigateToAddContact()[pri:0, instance:testCases.TC003_AddContactTest@1df82230]" started-at="2025-03-31T15:30:00 IST" name="navigateToAddContact" finished-at="2025-03-31T15:30:01 IST" duration-ms="916" status="PASS">
          <reporter-output>
          </reporter-output>
        </test-method> <!-- navigateToAddContact -->
        <test-method signature="verifyInvalidDOBFormat()[pri:3, instance:testCases.TC003_AddContactTest@1df82230]" started-at="2025-03-31T15:30:01 IST" name="verifyInvalidDOBFormat" finished-at="2025-03-31T15:30:06 IST" duration-ms="4954" status="PASS">
          <reporter-output>
          </reporter-output>
        </test-method> <!-- verifyInvalidDOBFormat -->
        <test-method is-config="true" signature="navigateToAddContact()[pri:0, instance:testCases.TC003_AddContactTest@1df82230]" started-at="2025-03-31T15:30:06 IST" name="navigateToAddContact" finished-at="2025-03-31T15:30:08 IST" duration-ms="1528" status="PASS">
          <reporter-output>
          </reporter-output>
        </test-method> <!-- navigateToAddContact -->
        <test-method signature="verifyAddWoOptionalFields()[pri:4, instance:testCases.TC003_AddContactTest@1df82230]" started-at="2025-03-31T15:30:08 IST" name="verifyAddWoOptionalFields" finished-at="2025-03-31T15:30:09 IST" duration-ms="1479" status="PASS">
          <reporter-output>
          </reporter-output>
        </test-method> <!-- verifyAddWoOptionalFields -->
        <test-method is-config="true" signature="tearDown()[pri:0, instance:testCases.TC003_AddContactTest@1df82230]" started-at="2025-03-31T15:30:09 IST" name="tearDown" finished-at="2025-03-31T15:30:10 IST" duration-ms="1008" status="PASS">
          <reporter-output>
          </reporter-output>
        </test-method> <!-- tearDown -->
      </class> <!-- testCases.TC003_AddContactTest -->
      <class name="testCases.TC005_ContactDisplayTest">
        <test-method is-config="true" signature="setUp(java.lang.String)[pri:0, instance:testCases.TC005_ContactDisplayTest@13c10b87]" started-at="2025-03-31T15:30:24 IST" name="setUp" finished-at="2025-03-31T15:30:27 IST" duration-ms="3426" status="PASS">
          <params>
            <param index="0">
              <value>
                <![CDATA[chrome]]>
              </value>
            </param>
          </params>
          <reporter-output>
          </reporter-output>
        </test-method> <!-- setUp -->
        <test-method is-config="true" signature="setup()[pri:0, instance:testCases.TC005_ContactDisplayTest@13c10b87]" started-at="2025-03-31T15:30:27 IST" name="setup" finished-at="2025-03-31T15:30:28 IST" duration-ms="435" status="PASS">
          <reporter-output>
          </reporter-output>
        </test-method> <!-- setup -->
        <test-method signature="verifyAddedContact()[pri:0, instance:testCases.TC005_ContactDisplayTest@13c10b87]" started-at="2025-03-31T15:30:28 IST" name="verifyAddedContact" finished-at="2025-03-31T15:30:29 IST" duration-ms="1541" status="PASS">
          <reporter-output>
          </reporter-output>
        </test-method> <!-- verifyAddedContact -->
        <test-method signature="verifyPhoneNumberExtensions()[pri:0, instance:testCases.TC005_ContactDisplayTest@13c10b87]" started-at="2025-03-31T15:30:29 IST" name="verifyPhoneNumberExtensions" finished-at="2025-03-31T15:30:31 IST" duration-ms="2187" status="PASS">
          <reporter-output>
          </reporter-output>
        </test-method> <!-- verifyPhoneNumberExtensions -->
        <test-method is-config="true" signature="tearDown()[pri:0, instance:testCases.TC005_ContactDisplayTest@13c10b87]" started-at="2025-03-31T15:30:31 IST" name="tearDown" finished-at="2025-03-31T15:30:31 IST" duration-ms="136" status="PASS">
          <reporter-output>
          </reporter-output>
        </test-method> <!-- tearDown -->
      </class> <!-- testCases.TC005_ContactDisplayTest -->
      <class name="testCases.TC004_DeleteContactTest">
        <test-method is-config="true" signature="setUp(java.lang.String)[pri:0, instance:testCases.TC004_DeleteContactTest@22635ba0]" started-at="2025-03-31T15:30:10 IST" name="setUp" finished-at="2025-03-31T15:30:18 IST" duration-ms="7935" status="PASS">
          <params>
            <param index="0">
              <value>
                <![CDATA[chrome]]>
              </value>
            </param>
          </params>
          <reporter-output>
          </reporter-output>
        </test-method> <!-- setUp -->
        <test-method is-config="true" signature="setup()[pri:0, instance:testCases.TC004_DeleteContactTest@22635ba0]" started-at="2025-03-31T15:30:18 IST" name="setup" finished-at="2025-03-31T15:30:19 IST" duration-ms="518" status="PASS">
          <reporter-output>
          </reporter-output>
        </test-method> <!-- setup -->
        <test-method signature="isAlertComingForDelete()[pri:1, instance:testCases.TC004_DeleteContactTest@22635ba0]" started-at="2025-03-31T15:30:19 IST" name="isAlertComingForDelete" finished-at="2025-03-31T15:30:21 IST" duration-ms="2454" status="PASS">
          <reporter-output>
          </reporter-output>
        </test-method> <!-- isAlertComingForDelete -->
        <test-method signature="verifyDeleteContact()[pri:2, instance:testCases.TC004_DeleteContactTest@22635ba0]" started-at="2025-03-31T15:30:21 IST" name="verifyDeleteContact" finished-at="2025-03-31T15:30:24 IST" duration-ms="2594" status="PASS">
          <reporter-output>
          </reporter-output>
        </test-method> <!-- verifyDeleteContact -->
        <test-method is-config="true" signature="tearDown()[pri:0, instance:testCases.TC004_DeleteContactTest@22635ba0]" started-at="2025-03-31T15:30:24 IST" name="tearDown" finished-at="2025-03-31T15:30:24 IST" duration-ms="123" status="PASS">
          <reporter-output>
          </reporter-output>
        </test-method> <!-- tearDown -->
      </class> <!-- testCases.TC004_DeleteContactTest -->
    </test> <!-- Surefire test -->
  </suite> <!-- Surefire suite -->
</testng-results>
