<?xml version="1.0" encoding="UTF-8"?>
<testsuite xmlns:xsi="http://www.w3.org/2001/XMLSchema-instance" xsi:noNamespaceSchemaLocation="https://maven.apache.org/surefire/maven-surefire-plugin/xsd/surefire-test-report-3.0.xsd" version="3.0" name="TestSuite" time="158.408" tests="18" errors="0" skipped="0" failures="0">
  <properties>
[...]
</properties>
  <testcase name="btnSignUpVisible" classname="testCases.TC001_SignUpTest" time="0.82">
    <system-err><![CDATA[SLF4J: Failed to load class "org.slf4j.impl.StaticLoggerBinder".
SLF4J: Defaulting to no-operation (NOP) logger implementation
SLF4J: See http://www.slf4j.org/codes.html#StaticLoggerBinder for further details.
Apr 08, 2025 7:04:57 PM org.openqa.selenium.devtools.CdpVersionFinder findNearestMatch
WARNING: Unable to find an exact match for CDP version 134, returning the closest version; found: 133; Please update to a Selenium version that supports CDP version 134
]]></system-err>
  </testcase>
  <testcase name="btnSignUpClcikable" classname="testCases.TC001_SignUpTest" time="0.335"/>
  <testcase name="verifySignUpBtn" classname="testCases.TC001_SignUpTest" time="1.001"/>
  <testcase name="verifyLoginVisible" classname="testCases.TC002_LoginTest" time="0.14">
    <system-err><![CDATA[Apr 08, 2025 7:05:19 PM org.openqa.selenium.devtools.CdpVersionFinder findNearestMatch
WARNING: Unable to find an exact match for CDP version 134, returning the closest version; found: 133; Please update to a Selenium version that supports CDP version 134
]]></system-err>
  </testcase>
  <testcase name="verifyLoginClickable" classname="testCases.TC002_LoginTest" time="0.051"/>
  <testcase name="verifyLogin" classname="testCases.TC002_LoginTest" time="3.471"/>
  <testcase name="verifyAllMenuDisplay" classname="testCases.TC003_HomeScreenTest" time="1.817">
    <system-err><![CDATA[Apr 08, 2025 7:05:31 PM org.openqa.selenium.devtools.CdpVersionFinder findNearestMatch
WARNING: Unable to find an exact match for CDP version 134, returning the closest version; found: 133; Please update to a Selenium version that supports CDP version 134
]]></system-err>
  </testcase>
  <testcase name="verifyAllCategories" classname="testCases.TC003_HomeScreenTest" time="0.126"/>
  <testcase name="verifyLogo" classname="testCases.TC003_HomeScreenTest" time="0.039"/>
  <testcase name="verifyClickProduct" classname="testCases.TC004_ProductCategoryDisplayTest" time="1.026">
    <system-err><![CDATA[Apr 08, 2025 7:05:39 PM org.openqa.selenium.devtools.CdpVersionFinder findNearestMatch
WARNING: Unable to find an exact match for CDP version 134, returning the closest version; found: 133; Please update to a Selenium version that supports CDP version 134
]]></system-err>
  </testcase>
  <testcase name="verifyProductdetails" classname="testCases.TC004_ProductCategoryDisplayTest" time="1.267"/>
  <testcase name="verifyAddToCart" classname="testCases.TC004_ProductCategoryDisplayTest" time="7.215"/>
  <testcase name="verifyDelete" classname="testCases.TC005_CartTest" time="6.584">
    <system-err><![CDATA[Apr 08, 2025 7:05:58 PM org.openqa.selenium.devtools.CdpVersionFinder findNearestMatch
WARNING: Unable to find an exact match for CDP version 134, returning the closest version; found: 133; Please update to a Selenium version that supports CDP version 134
]]></system-err>
  </testcase>
  <testcase name="verifyPrice" classname="testCases.TC005_CartTest" time="1.271"/>
  <testcase name="verifyPageRedirect" classname="testCases.TC006_PurchaseTest" time="0.915">
    <system-err><![CDATA[Apr 08, 2025 7:06:16 PM org.openqa.selenium.devtools.CdpVersionFinder findNearestMatch
WARNING: Unable to find an exact match for CDP version 134, returning the closest version; found: 133; Please update to a Selenium version that supports CDP version 134
]]></system-err>
  </testcase>
  <testcase name="verifyPurchase" classname="testCases.TC006_PurchaseTest" time="1.441"/>
  <testcase name="verifyLogOutvisible" classname="testCases.TC007_LogoutTest" time="0.074">
    <system-err><![CDATA[Apr 08, 2025 7:06:28 PM org.openqa.selenium.devtools.CdpVersionFinder findNearestMatch
WARNING: Unable to find an exact match for CDP version 134, returning the closest version; found: 133; Please update to a Selenium version that supports CDP version 134
]]></system-err>
  </testcase>
  <testcase name="verifyLogoutRedirect" classname="testCases.TC007_LogoutTest" time="0.618"/>
</testsuite>