<?xml version="1.0" encoding="UTF-8"?>
<testng-results ignored="0" total="18" passed="18" failed="0" skipped="0">
  <reporter-output>
  </reporter-output>
  <suite started-at="2025-04-08T19:04:03 IST" name="Surefire suite" finished-at="2025-04-08T19:06:37 IST" duration-ms="153606">
    <groups>
    </groups>
    <test started-at="2025-04-08T19:04:03 IST" name="Surefire test" finished-at="2025-04-08T19:06:37 IST" duration-ms="153606">
      <class name="testCases.TC003_HomeScreenTest">
        <test-method is-config="true" signature="setup(java.lang.String)[pri:0, instance:testCases.TC003_HomeScreenTest@5ae50ce6]" started-at="2025-04-08T19:05:28 IST" name="setup" finished-at="2025-04-08T19:05:34 IST" duration-ms="5899" status="PASS">
          <params>
            <param index="0">
              <value>
                <![CDATA[chrome]]>
              </value>
            </param>
          </params>
          <reporter-output>
          </reporter-output>
        </test-method> <!-- setup -->
        <test-method is-config="true" signature="setUp()[pri:0, instance:testCases.TC003_HomeScreenTest@5ae50ce6]" started-at="2025-04-08T19:05:34 IST" name="setUp" finished-at="2025-04-08T19:05:35 IST" duration-ms="845" status="PASS">
          <reporter-output>
          </reporter-output>
        </test-method> <!-- setUp -->
        <test-method signature="verifyAllMenuDisplay()[pri:1, instance:testCases.TC003_HomeScreenTest@5ae50ce6]" started-at="2025-04-08T19:05:35 IST" name="verifyAllMenuDisplay" finished-at="2025-04-08T19:05:37 IST" duration-ms="1817" status="PASS">
          <reporter-output>
          </reporter-output>
        </test-method> <!-- verifyAllMenuDisplay -->
        <test-method signature="verifyAllCategories()[pri:2, instance:testCases.TC003_HomeScreenTest@5ae50ce6]" started-at="2025-04-08T19:05:37 IST" name="verifyAllCategories" finished-at="2025-04-08T19:05:37 IST" duration-ms="126" status="PASS">
          <reporter-output>
          </reporter-output>
        </test-method> <!-- verifyAllCategories -->
        <test-method signature="verifyLogo()[pri:3, instance:testCases.TC003_HomeScreenTest@5ae50ce6]" started-at="2025-04-08T19:05:37 IST" name="verifyLogo" finished-at="2025-04-08T19:05:37 IST" duration-ms="40" status="PASS">
          <reporter-output>
          </reporter-output>
        </test-method> <!-- verifyLogo -->
        <test-method is-config="true" signature="tearDown()[pri:0, instance:testCases.TC003_HomeScreenTest@5ae50ce6]" started-at="2025-04-08T19:05:37 IST" name="tearDown" finished-at="2025-04-08T19:05:38 IST" duration-ms="408" status="PASS">
          <reporter-output>
          </reporter-output>
        </test-method> <!-- tearDown -->
      </class> <!-- testCases.TC003_HomeScreenTest -->
      <class name="testCases.TC005_CartTest">
        <test-method is-config="true" signature="setup(java.lang.String)[pri:0, instance:testCases.TC005_CartTest@be64738]" started-at="2025-04-08T19:05:56 IST" name="setup" finished-at="2025-04-08T19:06:00 IST" duration-ms="3316" status="PASS">
          <params>
            <param index="0">
              <value>
                <![CDATA[chrome]]>
              </value>
            </param>
          </params>
          <reporter-output>
          </reporter-output>
        </test-method> <!-- setup -->
        <test-method is-config="true" signature="setUp()[pri:0, instance:testCases.TC005_CartTest@be64738]" started-at="2025-04-08T19:06:00 IST" name="setUp" finished-at="2025-04-08T19:06:06 IST" duration-ms="6114" status="PASS">
          <reporter-output>
          </reporter-output>
        </test-method> <!-- setUp -->
        <test-method signature="verifyDelete()[pri:1, instance:testCases.TC005_CartTest@be64738]" started-at="2025-04-08T19:06:06 IST" name="verifyDelete" finished-at="2025-04-08T19:06:12 IST" duration-ms="6584" status="PASS">
          <reporter-output>
          </reporter-output>
        </test-method> <!-- verifyDelete -->
        <test-method signature="verifyPrice()[pri:2, instance:testCases.TC005_CartTest@be64738]" started-at="2025-04-08T19:06:12 IST" name="verifyPrice" finished-at="2025-04-08T19:06:14 IST" duration-ms="1273" status="PASS">
          <reporter-output>
          </reporter-output>
        </test-method> <!-- verifyPrice -->
        <test-method is-config="true" signature="tearDown()[pri:0, instance:testCases.TC005_CartTest@be64738]" started-at="2025-04-08T19:06:14 IST" name="tearDown" finished-at="2025-04-08T19:06:14 IST" duration-ms="447" status="PASS">
          <reporter-output>
          </reporter-output>
        </test-method> <!-- tearDown -->
      </class> <!-- testCases.TC005_CartTest -->
      <class name="testCases.TC002_LoginTest">
        <test-method is-config="true" signature="setup(java.lang.String)[pri:0, instance:testCases.TC002_LoginTest@4c9f8c13]" started-at="2025-04-08T19:05:13 IST" name="setup" finished-at="2025-04-08T19:05:24 IST" duration-ms="11113" status="PASS">
          <params>
            <param index="0">
              <value>
                <![CDATA[chrome]]>
              </value>
            </param>
          </params>
          <reporter-output>
          </reporter-output>
        </test-method> <!-- setup -->
        <test-method is-config="true" signature="setUp()[pri:0, instance:testCases.TC002_LoginTest@4c9f8c13]" started-at="2025-04-08T19:05:24 IST" name="setUp" finished-at="2025-04-08T19:05:24 IST" duration-ms="3" status="PASS">
          <reporter-output>
          </reporter-output>
        </test-method> <!-- setUp -->
        <test-method signature="verifyLoginVisible()[pri:1, instance:testCases.TC002_LoginTest@4c9f8c13]" started-at="2025-04-08T19:05:24 IST" name="verifyLoginVisible" finished-at="2025-04-08T19:05:24 IST" duration-ms="139" status="PASS">
          <reporter-output>
          </reporter-output>
        </test-method> <!-- verifyLoginVisible -->
        <test-method signature="verifyLoginClickable()[pri:2, instance:testCases.TC002_LoginTest@4c9f8c13]" started-at="2025-04-08T19:05:24 IST" name="verifyLoginClickable" finished-at="2025-04-08T19:05:24 IST" duration-ms="52" status="PASS">
          <reporter-output>
          </reporter-output>
        </test-method> <!-- verifyLoginClickable -->
        <test-method signature="verifyLogin()[pri:3, instance:testCases.TC002_LoginTest@4c9f8c13]" started-at="2025-04-08T19:05:24 IST" name="verifyLogin" finished-at="2025-04-08T19:05:28 IST" duration-ms="3470" status="PASS">
          <reporter-output>
          </reporter-output>
        </test-method> <!-- verifyLogin -->
        <test-method is-config="true" signature="tearDown()[pri:0, instance:testCases.TC002_LoginTest@4c9f8c13]" started-at="2025-04-08T19:05:28 IST" name="tearDown" finished-at="2025-04-08T19:05:28 IST" duration-ms="715" status="PASS">
          <reporter-output>
          </reporter-output>
        </test-method> <!-- tearDown -->
      </class> <!-- testCases.TC002_LoginTest -->
      <class name="testCases.TC007_LogoutTest">
        <test-method is-config="true" signature="setup(java.lang.String)[pri:0, instance:testCases.TC007_LogoutTest@13e39c73]" started-at="2025-04-08T19:06:26 IST" name="setup" finished-at="2025-04-08T19:06:32 IST" duration-ms="5631" status="PASS">
          <params>
            <param index="0">
              <value>
                <![CDATA[chrome]]>
              </value>
            </param>
          </params>
          <reporter-output>
          </reporter-output>
        </test-method> <!-- setup -->
        <test-method is-config="true" signature="setUp()[pri:0, instance:testCases.TC007_LogoutTest@13e39c73]" started-at="2025-04-08T19:06:32 IST" name="setUp" finished-at="2025-04-08T19:06:36 IST" duration-ms="3827" status="PASS">
          <reporter-output>
          </reporter-output>
        </test-method> <!-- setUp -->
        <test-method signature="verifyLogOutvisible()[pri:1, instance:testCases.TC007_LogoutTest@13e39c73]" started-at="2025-04-08T19:06:36 IST" name="verifyLogOutvisible" finished-at="2025-04-08T19:06:36 IST" duration-ms="74" status="PASS">
          <reporter-output>
          </reporter-output>
        </test-method> <!-- verifyLogOutvisible -->
        <test-method signature="verifyLogoutRedirect()[pri:2, instance:testCases.TC007_LogoutTest@13e39c73]" started-at="2025-04-08T19:06:36 IST" name="verifyLogoutRedirect" finished-at="2025-04-08T19:06:37 IST" duration-ms="620" status="PASS">
          <reporter-output>
          </reporter-output>
        </test-method> <!-- verifyLogoutRedirect -->
        <test-method is-config="true" signature="tearDown()[pri:0, instance:testCases.TC007_LogoutTest@13e39c73]" started-at="2025-04-08T19:06:37 IST" name="tearDown" finished-at="2025-04-08T19:06:37 IST" duration-ms="540" status="PASS">
          <reporter-output>
          </reporter-output>
        </test-method> <!-- tearDown -->
      </class> <!-- testCases.TC007_LogoutTest -->
      <class name="testCases.TC006_PurchaseTest">
        <test-method is-config="true" signature="setup(java.lang.String)[pri:0, instance:testCases.TC006_PurchaseTest@a9cd3b1]" started-at="2025-04-08T19:06:14 IST" name="setup" finished-at="2025-04-08T19:06:18 IST" duration-ms="4142" status="PASS">
          <params>
            <param index="0">
              <value>
                <![CDATA[chrome]]>
              </value>
            </param>
          </params>
          <reporter-output>
          </reporter-output>
        </test-method> <!-- setup -->
        <test-method is-config="true" signature="setUp()[pri:0, instance:testCases.TC006_PurchaseTest@a9cd3b1]" started-at="2025-04-08T19:06:18 IST" name="setUp" finished-at="2025-04-08T19:06:23 IST" duration-ms="5307" status="PASS">
          <reporter-output>
          </reporter-output>
        </test-method> <!-- setUp -->
        <test-method signature="verifyPageRedirect()[pri:1, instance:testCases.TC006_PurchaseTest@a9cd3b1]" started-at="2025-04-08T19:06:23 IST" name="verifyPageRedirect" finished-at="2025-04-08T19:06:24 IST" duration-ms="915" status="PASS">
          <reporter-output>
          </reporter-output>
        </test-method> <!-- verifyPageRedirect -->
        <test-method signature="verifyPurchase()[pri:2, instance:testCases.TC006_PurchaseTest@a9cd3b1]" started-at="2025-04-08T19:06:24 IST" name="verifyPurchase" finished-at="2025-04-08T19:06:26 IST" duration-ms="1440" status="PASS">
          <reporter-output>
          </reporter-output>
        </test-method> <!-- verifyPurchase -->
        <test-method is-config="true" signature="tearDown()[pri:0, instance:testCases.TC006_PurchaseTest@a9cd3b1]" started-at="2025-04-08T19:06:26 IST" name="tearDown" finished-at="2025-04-08T19:06:26 IST" duration-ms="524" status="PASS">
          <reporter-output>
          </reporter-output>
        </test-method> <!-- tearDown -->
      </class> <!-- testCases.TC006_PurchaseTest -->
      <class name="testCases.TC001_SignUpTest">
        <test-method is-config="true" signature="setup(java.lang.String)[pri:0, instance:testCases.TC001_SignUpTest@659a969b]" started-at="2025-04-08T19:04:04 IST" name="setup" finished-at="2025-04-08T19:05:06 IST" duration-ms="62847" status="PASS">
          <params>
            <param index="0">
              <value>
                <![CDATA[chrome]]>
              </value>
            </param>
          </params>
          <reporter-output>
          </reporter-output>
        </test-method> <!-- setup -->
        <test-method is-config="true" signature="setUp()[pri:0, instance:testCases.TC001_SignUpTest@659a969b]" started-at="2025-04-08T19:05:06 IST" name="setUp" finished-at="2025-04-08T19:05:07 IST" duration-ms="504" status="PASS">
          <reporter-output>
          </reporter-output>
        </test-method> <!-- setUp -->
        <test-method signature="btnSignUpVisible()[pri:1, instance:testCases.TC001_SignUpTest@659a969b]" started-at="2025-04-08T19:05:07 IST" name="btnSignUpVisible" finished-at="2025-04-08T19:05:08 IST" duration-ms="819" status="PASS">
          <reporter-output>
          </reporter-output>
        </test-method> <!-- btnSignUpVisible -->
        <test-method signature="btnSignUpClcikable()[pri:2, instance:testCases.TC001_SignUpTest@659a969b]" started-at="2025-04-08T19:05:08 IST" name="btnSignUpClcikable" finished-at="2025-04-08T19:05:08 IST" duration-ms="399" status="PASS">
          <reporter-output>
          </reporter-output>
        </test-method> <!-- btnSignUpClcikable -->
        <test-method signature="verifySignUpBtn()[pri:3, instance:testCases.TC001_SignUpTest@659a969b]" started-at="2025-04-08T19:05:08 IST" name="verifySignUpBtn" finished-at="2025-04-08T19:05:09 IST" duration-ms="1001" status="PASS">
          <reporter-output>
          </reporter-output>
        </test-method> <!-- verifySignUpBtn -->
        <test-method is-config="true" signature="tearDown()[pri:0, instance:testCases.TC001_SignUpTest@659a969b]" started-at="2025-04-08T19:05:09 IST" name="tearDown" finished-at="2025-04-08T19:05:13 IST" duration-ms="3551" status="PASS">
          <reporter-output>
          </reporter-output>
        </test-method> <!-- tearDown -->
      </class> <!-- testCases.TC001_SignUpTest -->
      <class name="testCases.TC004_ProductCategoryDisplayTest">
        <test-method is-config="true" signature="setup(java.lang.String)[pri:0, instance:testCases.TC004_ProductCategoryDisplayTest@6f96c77]" started-at="2025-04-08T19:05:38 IST" name="setup" finished-at="2025-04-08T19:05:42 IST" duration-ms="4739" status="PASS">
          <params>
            <param index="0">
              <value>
                <![CDATA[chrome]]>
              </value>
            </param>
          </params>
          <reporter-output>
          </reporter-output>
        </test-method> <!-- setup -->
        <test-method is-config="true" signature="setUp()[pri:0, instance:testCases.TC004_ProductCategoryDisplayTest@6f96c77]" started-at="2025-04-08T19:05:42 IST" name="setUp" finished-at="2025-04-08T19:05:46 IST" duration-ms="3991" status="PASS">
          <reporter-output>
          </reporter-output>
        </test-method> <!-- setUp -->
        <test-method signature="verifyClickProduct()[pri:1, instance:testCases.TC004_ProductCategoryDisplayTest@6f96c77]" started-at="2025-04-08T19:05:46 IST" name="verifyClickProduct" finished-at="2025-04-08T19:05:47 IST" duration-ms="1027" status="PASS">
          <reporter-output>
          </reporter-output>
        </test-method> <!-- verifyClickProduct -->
        <test-method signature="verifyProductdetails()[pri:2, instance:testCases.TC004_ProductCategoryDisplayTest@6f96c77]" started-at="2025-04-08T19:05:47 IST" name="verifyProductdetails" finished-at="2025-04-08T19:05:49 IST" duration-ms="1266" status="PASS">
          <reporter-output>
          </reporter-output>
        </test-method> <!-- verifyProductdetails -->
        <test-method signature="verifyAddToCart()[pri:3, instance:testCases.TC004_ProductCategoryDisplayTest@6f96c77]" started-at="2025-04-08T19:05:49 IST" name="verifyAddToCart" finished-at="2025-04-08T19:05:56 IST" duration-ms="7215" status="PASS">
          <reporter-output>
          </reporter-output>
        </test-method> <!-- verifyAddToCart -->
        <test-method is-config="true" signature="tearDown()[pri:0, instance:testCases.TC004_ProductCategoryDisplayTest@6f96c77]" started-at="2025-04-08T19:05:56 IST" name="tearDown" finished-at="2025-04-08T19:05:56 IST" duration-ms="513" status="PASS">
          <reporter-output>
          </reporter-output>
        </test-method> <!-- tearDown -->
      </class> <!-- testCases.TC004_ProductCategoryDisplayTest -->
    </test> <!-- Surefire test -->
  </suite> <!-- Surefire suite -->
</testng-results>
