<?xml version="1.0" encoding="UTF-8"?>
<testsuite xmlns:xsi="http://www.w3.org/2001/XMLSchema-instance" xsi:schemaLocation="https://maven.apache.org/surefire/maven-surefire-plugin/xsd/surefire-test-report.xsd" name="TestSuite" time="923.973" tests="33" errors="0" skipped="0" failures="4">
  <properties>
[...]
</properties>
  <testcase name="verifyLoginBtnVisible" classname="testCases.TS001_LoginTest" time="2.575"/>
  <testcase name="verifyInvalidCredentials" classname="testCases.TS001_LoginTest" time="2.358"/>
  <testcase name="verifyValidCredentials" classname="testCases.TS001_LoginTest" time="2.291"/>
  <testcase name="verifyWelcomeText" classname="testCases.TS002_SearchHotelTest" time="0.05"/>
  <testcase name="searchHotelByAllDetails" classname="testCases.TS002_SearchHotelTest" time="2.202"/>
  <testcase name="searchHotelByAllDetails" classname="testCases.TS002_SearchHotelTest" time="2.964"/>
  <testcase name="searchHotelbyDefaultDetails" classname="testCases.TS002_SearchHotelTest" time="0.314"/>
  <testcase name="verifyResetButton" classname="testCases.TS002_SearchHotelTest" time="1.997"/>
  <testcase name="verifyResetButton" classname="testCases.TS002_SearchHotelTest" time="2.331"/>
  <testcase name="verifyContinueButton" classname="testCases.TS003_SelectHotelTest" time="3.782"/>
  <testcase name="verifyContinueButton" classname="testCases.TS003_SelectHotelTest" time="3.28"/>
  <testcase name="verifyBackandCancelButton" classname="testCases.TS003_SelectHotelTest" time="4.484"/>
  <testcase name="verifyBackandCancelButton" classname="testCases.TS003_SelectHotelTest" time="4.252"/>
  <testcase name="verifyBookingByValidDetails" classname="testCases.TS004_BookHotelTest" time="12.179"/>
  <testcase name="verifyBookingByValidDetails" classname="testCases.TS004_BookHotelTest" time="11.195"/>
  <testcase name="verifyCancelButton" classname="testCases.TS004_BookHotelTest" time="6.016"/>
  <testcase name="verifyCancelButton" classname="testCases.TS004_BookHotelTest" time="6.115"/>
  <testcase name="verifyPassingCvvNumber" classname="testCases.TS004_BookHotelTest" time="5.533"/>
  <testcase name="verifyPassingCreditCardNumber" classname="testCases.TS004_BookHotelTest" time="5.079"/>
  <testcase name="verifyNonEditableFields" classname="testCases.TS004_BookHotelTest" time="4.336"/>
  <testcase name="verifyNonEditableFields" classname="testCases.TS004_BookHotelTest" time="4.142"/>
  <testcase name="verifyPopulatedFields" classname="testCases.TS005_BookingConfirmTest" time="12.568"/>
  <testcase name="verifyMyItinerary" classname="testCases.TS005_BookingConfirmTest" time="25.63"/>
  <testcase name="verifySearchHotelPage" classname="testCases.TS005_BookingConfirmTest" time="12.639"/>
  <testcase name="verifyLogoutButton" classname="testCases.TS005_BookingConfirmTest" time="12.984">
    <failure type="java.lang.AssertionError:">java.lang.AssertionError: null
	at testCases.TS005_BookingConfirmTest.verifyLogoutButton(TS005_BookingConfirmTest.java:156)
</failure>
    <system-err><![CDATA[Apr 12, 2025 11:47:25 PM org.openqa.selenium.devtools.CdpVersionFinder findNearestMatch
WARNING: Unable to find an exact match for CDP version 135, returning the closest version; found: 133; Please update to a Selenium version that supports CDP version 135
]]></system-err>
  </testcase>
  <testcase name="verifySearchOrderId" classname="testCases.TS006_BookedItineraryTest" time="64.725"/>
  <testcase name="verifyCancelOrder" classname="testCases.TS006_BookedItineraryTest" time="89.77">
    <failure type="java.lang.AssertionError:">java.lang.AssertionError: null
	at testCases.TS006_BookedItineraryTest.verifyCancelOrder(TS006_BookedItineraryTest.java:108)
</failure>
    <system-out><![CDATA[2
]]></system-out>
    <system-err><![CDATA[Apr 12, 2025 11:48:57 PM org.openqa.selenium.devtools.CdpVersionFinder findNearestMatch
WARNING: Unable to find an exact match for CDP version 135, returning the closest version; found: 133; Please update to a Selenium version that supports CDP version 135
]]></system-err>
  </testcase>
  <testcase name="verifySearchInvalidOrder" classname="testCases.TS006_BookedItineraryTest" time="52.073">
    <failure type="java.lang.AssertionError:">java.lang.AssertionError: null
	at testCases.TS006_BookedItineraryTest.verifySearchInvalidOrder(TS006_BookedItineraryTest.java:155)
</failure>
    <system-err><![CDATA[Apr 12, 2025 11:50:35 PM org.openqa.selenium.devtools.CdpVersionFinder findNearestMatch
WARNING: Unable to find an exact match for CDP version 135, returning the closest version; found: 133; Please update to a Selenium version that supports CDP version 135
]]></system-err>
  </testcase>
  <testcase name="verifyCheckAllAndCancelSelected" classname="testCases.TS006_BookedItineraryTest" time="79.17"/>
  <testcase name="verifySearchHotelButton" classname="testCases.TS006_BookedItineraryTest" time="15.149"/>
  <testcase name="verifyLogout" classname="testCases.TS006_BookedItineraryTest" time="24.824"/>
  <testcase name="verifyLogout" classname="testCases.TS007_HomeScreenTest" time="0.633"/>
  <testcase name="verifyChangePassword" classname="testCases.TS007_HomeScreenTest" time="14.841">
    <failure type="java.lang.AssertionError:">java.lang.AssertionError: null
	at testCases.TS007_HomeScreenTest.verifyChangePassword(TS007_HomeScreenTest.java:64)
</failure>
    <system-err><![CDATA[Apr 12, 2025 11:54:08 PM org.openqa.selenium.devtools.CdpVersionFinder findNearestMatch
WARNING: Unable to find an exact match for CDP version 135, returning the closest version; found: 133; Please update to a Selenium version that supports CDP version 135
]]></system-err>
  </testcase>
</testsuite>