<?xml version="1.0" encoding="UTF-8"?>
<testng-results ignored="0" total="33" passed="29" failed="4" skipped="0">
  <reporter-output>
  </reporter-output>
  <suite started-at="2025-04-12T23:39:11 IST" name="Surefire suite" finished-at="2025-04-12T23:54:28 IST" duration-ms="916727">
    <groups>
    </groups>
    <test started-at="2025-04-12T23:39:11 IST" name="Surefire test" finished-at="2025-04-12T23:54:28 IST" duration-ms="916727">
      <class name="testCases.TS003_SelectHotelTest">
        <test-method is-config="true" signature="setUp(java.lang.String)[pri:0, instance:testCases.TS003_SelectHotelTest@54c562f7]" started-at="2025-04-12T23:43:08 IST" name="setUp" finished-at="2025-04-12T23:43:13 IST" duration-ms="5372" status="PASS">
          <params>
            <param index="0">
              <value>
                <![CDATA[chrome]]>
              </value>
            </param>
          </params>
          <reporter-output>
          </reporter-output>
        </test-method> <!-- setUp -->
        <test-method is-config="true" signature="setBeforeTest()[pri:0, instance:testCases.TS003_SelectHotelTest@54c562f7]" started-at="2025-04-12T23:43:13 IST" name="setBeforeTest" finished-at="2025-04-12T23:43:14 IST" duration-ms="1034" status="PASS">
          <reporter-output>
          </reporter-output>
        </test-method> <!-- setBeforeTest -->
        <test-method signature="verifyContinueButton(java.lang.String,java.lang.String,java.lang.String,java.lang.String,java.lang.String,java.lang.String)[pri:1, instance:testCases.TS003_SelectHotelTest@54c562f7]" started-at="2025-04-12T23:43:14 IST" name="verifyContinueButton" data-provider="bookingdata" finished-at="2025-04-12T23:43:18 IST" duration-ms="3781" status="PASS">
          <params>
            <param index="0">
              <value>
                <![CDATA[Melbourne]]>
              </value>
            </param>
            <param index="1">
              <value>
                <![CDATA[Hotel Creek]]>
              </value>
            </param>
            <param index="2">
              <value>
                <![CDATA[Standard]]>
              </value>
            </param>
            <param index="3">
              <value>
                <![CDATA[2]]>
              </value>
            </param>
            <param index="4">
              <value>
                <![CDATA[2]]>
              </value>
            </param>
            <param index="5">
              <value>
                <![CDATA[1]]>
              </value>
            </param>
          </params>
          <reporter-output>
          </reporter-output>
        </test-method> <!-- verifyContinueButton -->
        <test-method is-config="true" signature="tearDown()[pri:0, instance:testCases.TS003_SelectHotelTest@54c562f7]" started-at="2025-04-12T23:43:18 IST" name="tearDown" finished-at="2025-04-12T23:43:19 IST" duration-ms="640" status="PASS">
          <reporter-output>
          </reporter-output>
        </test-method> <!-- tearDown -->
        <test-method is-config="true" signature="setUp(java.lang.String)[pri:0, instance:testCases.TS003_SelectHotelTest@54c562f7]" started-at="2025-04-12T23:43:19 IST" name="setUp" finished-at="2025-04-12T23:43:24 IST" duration-ms="5654" status="PASS">
          <params>
            <param index="0">
              <value>
                <![CDATA[chrome]]>
              </value>
            </param>
          </params>
          <reporter-output>
          </reporter-output>
        </test-method> <!-- setUp -->
        <test-method is-config="true" signature="setBeforeTest()[pri:0, instance:testCases.TS003_SelectHotelTest@54c562f7]" started-at="2025-04-12T23:43:24 IST" name="setBeforeTest" finished-at="2025-04-12T23:43:25 IST" duration-ms="919" status="PASS">
          <reporter-output>
          </reporter-output>
        </test-method> <!-- setBeforeTest -->
        <test-method signature="verifyContinueButton(java.lang.String,java.lang.String,java.lang.String,java.lang.String,java.lang.String,java.lang.String)[pri:1, instance:testCases.TS003_SelectHotelTest@54c562f7]" started-at="2025-04-12T23:43:25 IST" name="verifyContinueButton" data-provider="bookingdata" finished-at="2025-04-12T23:43:28 IST" duration-ms="3278" status="PASS">
          <params>
            <param index="0">
              <value>
                <![CDATA[Sydney]]>
              </value>
            </param>
            <param index="1">
              <value>
                <![CDATA[Hotel Creek]]>
              </value>
            </param>
            <param index="2">
              <value>
                <![CDATA[Double]]>
              </value>
            </param>
            <param index="3">
              <value>
                <![CDATA[2]]>
              </value>
            </param>
            <param index="4">
              <value>
                <![CDATA[2]]>
              </value>
            </param>
            <param index="5">
              <value>
                <![CDATA[1]]>
              </value>
            </param>
          </params>
          <reporter-output>
          </reporter-output>
        </test-method> <!-- verifyContinueButton -->
        <test-method is-config="true" signature="tearDown()[pri:0, instance:testCases.TS003_SelectHotelTest@54c562f7]" started-at="2025-04-12T23:43:28 IST" name="tearDown" finished-at="2025-04-12T23:43:29 IST" duration-ms="726" status="PASS">
          <reporter-output>
          </reporter-output>
        </test-method> <!-- tearDown -->
        <test-method is-config="true" signature="setUp(java.lang.String)[pri:0, instance:testCases.TS003_SelectHotelTest@54c562f7]" started-at="2025-04-12T23:43:29 IST" name="setUp" finished-at="2025-04-12T23:43:36 IST" duration-ms="6444" status="PASS">
          <params>
            <param index="0">
              <value>
                <![CDATA[chrome]]>
              </value>
            </param>
          </params>
          <reporter-output>
          </reporter-output>
        </test-method> <!-- setUp -->
        <test-method is-config="true" signature="setBeforeTest()[pri:0, instance:testCases.TS003_SelectHotelTest@54c562f7]" started-at="2025-04-12T23:43:36 IST" name="setBeforeTest" finished-at="2025-04-12T23:43:37 IST" duration-ms="1008" status="PASS">
          <reporter-output>
          </reporter-output>
        </test-method> <!-- setBeforeTest -->
        <test-method signature="verifyBackandCancelButton(java.lang.String,java.lang.String,java.lang.String,java.lang.String,java.lang.String,java.lang.String)[pri:2, instance:testCases.TS003_SelectHotelTest@54c562f7]" started-at="2025-04-12T23:43:37 IST" name="verifyBackandCancelButton" data-provider="bookingdata" finished-at="2025-04-12T23:43:41 IST" duration-ms="4484" status="PASS">
          <params>
            <param index="0">
              <value>
                <![CDATA[Melbourne]]>
              </value>
            </param>
            <param index="1">
              <value>
                <![CDATA[Hotel Creek]]>
              </value>
            </param>
            <param index="2">
              <value>
                <![CDATA[Standard]]>
              </value>
            </param>
            <param index="3">
              <value>
                <![CDATA[2]]>
              </value>
            </param>
            <param index="4">
              <value>
                <![CDATA[2]]>
              </value>
            </param>
            <param index="5">
              <value>
                <![CDATA[1]]>
              </value>
            </param>
          </params>
          <reporter-output>
          </reporter-output>
        </test-method> <!-- verifyBackandCancelButton -->
        <test-method is-config="true" signature="tearDown()[pri:0, instance:testCases.TS003_SelectHotelTest@54c562f7]" started-at="2025-04-12T23:43:41 IST" name="tearDown" finished-at="2025-04-12T23:43:42 IST" duration-ms="850" status="PASS">
          <reporter-output>
          </reporter-output>
        </test-method> <!-- tearDown -->
        <test-method is-config="true" signature="setUp(java.lang.String)[pri:0, instance:testCases.TS003_SelectHotelTest@54c562f7]" started-at="2025-04-12T23:43:42 IST" name="setUp" finished-at="2025-04-12T23:43:48 IST" duration-ms="6345" status="PASS">
          <params>
            <param index="0">
              <value>
                <![CDATA[chrome]]>
              </value>
            </param>
          </params>
          <reporter-output>
          </reporter-output>
        </test-method> <!-- setUp -->
        <test-method is-config="true" signature="setBeforeTest()[pri:0, instance:testCases.TS003_SelectHotelTest@54c562f7]" started-at="2025-04-12T23:43:48 IST" name="setBeforeTest" finished-at="2025-04-12T23:43:50 IST" duration-ms="1434" status="PASS">
          <reporter-output>
          </reporter-output>
        </test-method> <!-- setBeforeTest -->
        <test-method signature="verifyBackandCancelButton(java.lang.String,java.lang.String,java.lang.String,java.lang.String,java.lang.String,java.lang.String)[pri:2, instance:testCases.TS003_SelectHotelTest@54c562f7]" started-at="2025-04-12T23:43:50 IST" name="verifyBackandCancelButton" data-provider="bookingdata" finished-at="2025-04-12T23:43:54 IST" duration-ms="4252" status="PASS">
          <params>
            <param index="0">
              <value>
                <![CDATA[Sydney]]>
              </value>
            </param>
            <param index="1">
              <value>
                <![CDATA[Hotel Creek]]>
              </value>
            </param>
            <param index="2">
              <value>
                <![CDATA[Double]]>
              </value>
            </param>
            <param index="3">
              <value>
                <![CDATA[2]]>
              </value>
            </param>
            <param index="4">
              <value>
                <![CDATA[2]]>
              </value>
            </param>
            <param index="5">
              <value>
                <![CDATA[1]]>
              </value>
            </param>
          </params>
          <reporter-output>
          </reporter-output>
        </test-method> <!-- verifyBackandCancelButton -->
        <test-method is-config="true" signature="tearDown()[pri:0, instance:testCases.TS003_SelectHotelTest@54c562f7]" started-at="2025-04-12T23:43:54 IST" name="tearDown" finished-at="2025-04-12T23:43:58 IST" duration-ms="3673" status="PASS">
          <reporter-output>
          </reporter-output>
        </test-method> <!-- tearDown -->
      </class> <!-- testCases.TS003_SelectHotelTest -->
      <class name="testCases.TS006_BookedItineraryTest">
        <test-method is-config="true" signature="setUp(java.lang.String)[pri:0, instance:testCases.TS006_BookedItineraryTest@3c9d0b9d]" started-at="2025-04-12T23:47:42 IST" name="setUp" finished-at="2025-04-12T23:47:47 IST" duration-ms="5321" status="PASS">
          <params>
            <param index="0">
              <value>
                <![CDATA[chrome]]>
              </value>
            </param>
          </params>
          <reporter-output>
          </reporter-output>
        </test-method> <!-- setUp -->
        <test-method is-config="true" signature="setUp()[pri:0, instance:testCases.TS006_BookedItineraryTest@3c9d0b9d]" started-at="2025-04-12T23:47:47 IST" name="setUp" finished-at="2025-04-12T23:47:49 IST" duration-ms="1501" status="PASS">
          <reporter-output>
          </reporter-output>
        </test-method> <!-- setUp -->
        <test-method signature="verifySearchOrderId(java.lang.String,java.lang.String)[pri:1, instance:testCases.TS006_BookedItineraryTest@3c9d0b9d]" started-at="2025-04-12T23:47:49 IST" name="verifySearchOrderId" data-provider="orderData" finished-at="2025-04-12T23:48:54 IST" duration-ms="64720" status="PASS">
          <params>
            <param index="0">
              <value>
                <![CDATA[76742AR22U]]>
              </value>
            </param>
            <param index="1">
              <value>
                <![CDATA[2SRFOV3Y82]]>
              </value>
            </param>
          </params>
          <reporter-output>
          </reporter-output>
        </test-method> <!-- verifySearchOrderId -->
        <test-method is-config="true" signature="tearDown()[pri:0, instance:testCases.TS006_BookedItineraryTest@3c9d0b9d]" started-at="2025-04-12T23:48:54 IST" name="tearDown" finished-at="2025-04-12T23:48:54 IST" duration-ms="699" status="PASS">
          <reporter-output>
          </reporter-output>
        </test-method> <!-- tearDown -->
        <test-method is-config="true" signature="setUp(java.lang.String)[pri:0, instance:testCases.TS006_BookedItineraryTest@3c9d0b9d]" started-at="2025-04-12T23:48:54 IST" name="setUp" finished-at="2025-04-12T23:49:00 IST" duration-ms="5924" status="PASS">
          <params>
            <param index="0">
              <value>
                <![CDATA[chrome]]>
              </value>
            </param>
          </params>
          <reporter-output>
          </reporter-output>
        </test-method> <!-- setUp -->
        <test-method is-config="true" signature="setUp()[pri:0, instance:testCases.TS006_BookedItineraryTest@3c9d0b9d]" started-at="2025-04-12T23:49:00 IST" name="setUp" finished-at="2025-04-12T23:49:02 IST" duration-ms="1450" status="PASS">
          <reporter-output>
          </reporter-output>
        </test-method> <!-- setUp -->
        <test-method signature="verifyCancelOrder(java.lang.String,java.lang.String)[pri:2, instance:testCases.TS006_BookedItineraryTest@3c9d0b9d]" started-at="2025-04-12T23:49:02 IST" name="verifyCancelOrder" data-provider="orderData" finished-at="2025-04-12T23:50:32 IST" duration-ms="89768" status="FAIL">
          <params>
            <param index="0">
              <value>
                <![CDATA[76742AR22U]]>
              </value>
            </param>
            <param index="1">
              <value>
                <![CDATA[2SRFOV3Y82]]>
              </value>
            </param>
          </params>
          <exception class="java.lang.AssertionError">
            <message>
              <![CDATA[null]]>
            </message>
            <full-stacktrace>
              <![CDATA[java.lang.AssertionError: null
at org.testng.Assert.fail(Assert.java:111)
at org.testng.Assert.fail(Assert.java:116)
at testCases.TS006_BookedItineraryTest.verifyCancelOrder(TS006_BookedItineraryTest.java:108)
at java.base/jdk.internal.reflect.NativeMethodAccessorImpl.invoke0(Native Method)
at java.base/jdk.internal.reflect.NativeMethodAccessorImpl.invoke(NativeMethodAccessorImpl.java:77)
at java.base/jdk.internal.reflect.DelegatingMethodAccessorImpl.invoke(DelegatingMethodAccessorImpl.java:43)
at java.base/java.lang.reflect.Method.invoke(Method.java:568)
at org.testng.internal.invokers.MethodInvocationHelper.invokeMethod(MethodInvocationHelper.java:141)
at org.testng.internal.invokers.TestInvoker.invokeMethod(TestInvoker.java:686)
at org.testng.internal.invokers.TestInvoker.invokeTestMethod(TestInvoker.java:230)
at org.testng.internal.invokers.MethodRunner.runInSequence(MethodRunner.java:63)
at org.testng.internal.invokers.TestInvoker$MethodInvocationAgent.invoke(TestInvoker.java:992)
at org.testng.internal.invokers.TestInvoker.invokeTestMethods(TestInvoker.java:203)
at org.testng.internal.invokers.TestMethodWorker.invokeTestMethods(TestMethodWorker.java:154)
at org.testng.internal.invokers.TestMethodWorker.run(TestMethodWorker.java:134)
at java.base/java.util.ArrayList.forEach(ArrayList.java:1511)
at org.testng.TestRunner.privateRun(TestRunner.java:739)
at org.testng.TestRunner.run(TestRunner.java:614)
at org.testng.SuiteRunner.runTest(SuiteRunner.java:421)
at org.testng.SuiteRunner.runSequentially(SuiteRunner.java:413)
at org.testng.SuiteRunner.privateRun(SuiteRunner.java:373)
at org.testng.SuiteRunner.run(SuiteRunner.java:312)
at org.testng.SuiteRunnerWorker.runSuite(SuiteRunnerWorker.java:52)
at org.testng.SuiteRunnerWorker.run(SuiteRunnerWorker.java:95)
at org.testng.TestNG.runSuitesSequentially(TestNG.java:1274)
at org.testng.TestNG.runSuitesLocally(TestNG.java:1208)
at org.testng.TestNG.runSuites(TestNG.java:1112)
at org.testng.TestNG.run(TestNG.java:1079)
at org.apache.maven.surefire.testng.TestNGExecutor.run(TestNGExecutor.java:132)
at org.apache.maven.surefire.testng.TestNGDirectoryTestSuite.executeMulti(TestNGDirectoryTestSuite.java:224)
at org.apache.maven.surefire.testng.TestNGDirectoryTestSuite.execute(TestNGDirectoryTestSuite.java:113)
at org.apache.maven.surefire.testng.TestNGProvider.invoke(TestNGProvider.java:146)
at org.apache.maven.surefire.booter.ForkedBooter.invokeProviderInSameClassLoader(ForkedBooter.java:286)
at org.apache.maven.surefire.booter.ForkedBooter.runSuitesInProcess(ForkedBooter.java:240)
at org.apache.maven.surefire.booter.ForkedBooter.main(ForkedBooter.java:121)
]]>
            </full-stacktrace>
          </exception> <!-- java.lang.AssertionError -->
          <reporter-output>
          </reporter-output>
        </test-method> <!-- verifyCancelOrder -->
        <test-method is-config="true" signature="tearDown()[pri:0, instance:testCases.TS006_BookedItineraryTest@3c9d0b9d]" started-at="2025-04-12T23:50:32 IST" name="tearDown" finished-at="2025-04-12T23:50:32 IST" duration-ms="891" status="PASS">
          <reporter-output>
          </reporter-output>
        </test-method> <!-- tearDown -->
        <test-method is-config="true" signature="setUp(java.lang.String)[pri:0, instance:testCases.TS006_BookedItineraryTest@3c9d0b9d]" started-at="2025-04-12T23:50:32 IST" name="setUp" finished-at="2025-04-12T23:50:38 IST" duration-ms="5942" status="PASS">
          <params>
            <param index="0">
              <value>
                <![CDATA[chrome]]>
              </value>
            </param>
          </params>
          <reporter-output>
          </reporter-output>
        </test-method> <!-- setUp -->
        <test-method is-config="true" signature="setUp()[pri:0, instance:testCases.TS006_BookedItineraryTest@3c9d0b9d]" started-at="2025-04-12T23:50:38 IST" name="setUp" finished-at="2025-04-12T23:50:40 IST" duration-ms="1569" status="PASS">
          <reporter-output>
          </reporter-output>
        </test-method> <!-- setUp -->
        <test-method signature="verifySearchInvalidOrder(java.lang.String,java.lang.String)[pri:4, instance:testCases.TS006_BookedItineraryTest@3c9d0b9d]" started-at="2025-04-12T23:50:40 IST" name="verifySearchInvalidOrder" data-provider="invalidOrderData" finished-at="2025-04-12T23:51:32 IST" duration-ms="52071" status="FAIL">
          <params>
            <param index="0">
              <value>
                <![CDATA[adfgh]]>
              </value>
            </param>
            <param index="1">
              <value>
                <![CDATA[adsfdgh]]>
              </value>
            </param>
          </params>
          <exception class="java.lang.AssertionError">
            <message>
              <![CDATA[null]]>
            </message>
            <full-stacktrace>
              <![CDATA[java.lang.AssertionError: null
at org.testng.Assert.fail(Assert.java:111)
at org.testng.Assert.fail(Assert.java:116)
at testCases.TS006_BookedItineraryTest.verifySearchInvalidOrder(TS006_BookedItineraryTest.java:155)
at java.base/jdk.internal.reflect.NativeMethodAccessorImpl.invoke0(Native Method)
at java.base/jdk.internal.reflect.NativeMethodAccessorImpl.invoke(NativeMethodAccessorImpl.java:77)
at java.base/jdk.internal.reflect.DelegatingMethodAccessorImpl.invoke(DelegatingMethodAccessorImpl.java:43)
at java.base/java.lang.reflect.Method.invoke(Method.java:568)
at org.testng.internal.invokers.MethodInvocationHelper.invokeMethod(MethodInvocationHelper.java:141)
at org.testng.internal.invokers.TestInvoker.invokeMethod(TestInvoker.java:686)
at org.testng.internal.invokers.TestInvoker.invokeTestMethod(TestInvoker.java:230)
at org.testng.internal.invokers.MethodRunner.runInSequence(MethodRunner.java:63)
at org.testng.internal.invokers.TestInvoker$MethodInvocationAgent.invoke(TestInvoker.java:992)
at org.testng.internal.invokers.TestInvoker.invokeTestMethods(TestInvoker.java:203)
at org.testng.internal.invokers.TestMethodWorker.invokeTestMethods(TestMethodWorker.java:154)
at org.testng.internal.invokers.TestMethodWorker.run(TestMethodWorker.java:134)
at java.base/java.util.ArrayList.forEach(ArrayList.java:1511)
at org.testng.TestRunner.privateRun(TestRunner.java:739)
at org.testng.TestRunner.run(TestRunner.java:614)
at org.testng.SuiteRunner.runTest(SuiteRunner.java:421)
at org.testng.SuiteRunner.runSequentially(SuiteRunner.java:413)
at org.testng.SuiteRunner.privateRun(SuiteRunner.java:373)
at org.testng.SuiteRunner.run(SuiteRunner.java:312)
at org.testng.SuiteRunnerWorker.runSuite(SuiteRunnerWorker.java:52)
at org.testng.SuiteRunnerWorker.run(SuiteRunnerWorker.java:95)
at org.testng.TestNG.runSuitesSequentially(TestNG.java:1274)
at org.testng.TestNG.runSuitesLocally(TestNG.java:1208)
at org.testng.TestNG.runSuites(TestNG.java:1112)
at org.testng.TestNG.run(TestNG.java:1079)
at org.apache.maven.surefire.testng.TestNGExecutor.run(TestNGExecutor.java:132)
at org.apache.maven.surefire.testng.TestNGDirectoryTestSuite.executeMulti(TestNGDirectoryTestSuite.java:224)
at org.apache.maven.surefire.testng.TestNGDirectoryTestSuite.execute(TestNGDirectoryTestSuite.java:113)
at org.apache.maven.surefire.testng.TestNGProvider.invoke(TestNGProvider.java:146)
at org.apache.maven.surefire.booter.ForkedBooter.invokeProviderInSameClassLoader(ForkedBooter.java:286)
at org.apache.maven.surefire.booter.ForkedBooter.runSuitesInProcess(ForkedBooter.java:240)
at org.apache.maven.surefire.booter.ForkedBooter.main(ForkedBooter.java:121)
]]>
            </full-stacktrace>
          </exception> <!-- java.lang.AssertionError -->
          <reporter-output>
          </reporter-output>
        </test-method> <!-- verifySearchInvalidOrder -->
        <test-method is-config="true" signature="tearDown()[pri:0, instance:testCases.TS006_BookedItineraryTest@3c9d0b9d]" started-at="2025-04-12T23:51:32 IST" name="tearDown" finished-at="2025-04-12T23:51:33 IST" duration-ms="623" status="PASS">
          <reporter-output>
          </reporter-output>
        </test-method> <!-- tearDown -->
        <test-method is-config="true" signature="setUp(java.lang.String)[pri:0, instance:testCases.TS006_BookedItineraryTest@3c9d0b9d]" started-at="2025-04-12T23:51:33 IST" name="setUp" finished-at="2025-04-12T23:51:39 IST" duration-ms="5949" status="PASS">
          <params>
            <param index="0">
              <value>
                <![CDATA[chrome]]>
              </value>
            </param>
          </params>
          <reporter-output>
          </reporter-output>
        </test-method> <!-- setUp -->
        <test-method is-config="true" signature="setUp()[pri:0, instance:testCases.TS006_BookedItineraryTest@3c9d0b9d]" started-at="2025-04-12T23:51:39 IST" name="setUp" finished-at="2025-04-12T23:51:40 IST" duration-ms="1487" status="PASS">
          <reporter-output>
          </reporter-output>
        </test-method> <!-- setUp -->
        <test-method signature="verifyCheckAllAndCancelSelected()[pri:5, instance:testCases.TS006_BookedItineraryTest@3c9d0b9d]" started-at="2025-04-12T23:51:40 IST" name="verifyCheckAllAndCancelSelected" finished-at="2025-04-12T23:52:59 IST" duration-ms="79172" status="PASS">
          <reporter-output>
          </reporter-output>
        </test-method> <!-- verifyCheckAllAndCancelSelected -->
        <test-method is-config="true" signature="tearDown()[pri:0, instance:testCases.TS006_BookedItineraryTest@3c9d0b9d]" started-at="2025-04-12T23:52:59 IST" name="tearDown" finished-at="2025-04-12T23:53:00 IST" duration-ms="727" status="PASS">
          <reporter-output>
          </reporter-output>
        </test-method> <!-- tearDown -->
        <test-method is-config="true" signature="setUp(java.lang.String)[pri:0, instance:testCases.TS006_BookedItineraryTest@3c9d0b9d]" started-at="2025-04-12T23:53:00 IST" name="setUp" finished-at="2025-04-12T23:53:07 IST" duration-ms="6706" status="PASS">
          <params>
            <param index="0">
              <value>
                <![CDATA[chrome]]>
              </value>
            </param>
          </params>
          <reporter-output>
          </reporter-output>
        </test-method> <!-- setUp -->
        <test-method is-config="true" signature="setUp()[pri:0, instance:testCases.TS006_BookedItineraryTest@3c9d0b9d]" started-at="2025-04-12T23:53:07 IST" name="setUp" finished-at="2025-04-12T23:53:08 IST" duration-ms="1500" status="PASS">
          <reporter-output>
          </reporter-output>
        </test-method> <!-- setUp -->
        <test-method signature="verifySearchHotelButton()[pri:6, instance:testCases.TS006_BookedItineraryTest@3c9d0b9d]" started-at="2025-04-12T23:53:08 IST" name="verifySearchHotelButton" finished-at="2025-04-12T23:53:23 IST" duration-ms="15149" status="PASS">
          <reporter-output>
          </reporter-output>
        </test-method> <!-- verifySearchHotelButton -->
        <test-method is-config="true" signature="tearDown()[pri:0, instance:testCases.TS006_BookedItineraryTest@3c9d0b9d]" started-at="2025-04-12T23:53:23 IST" name="tearDown" finished-at="2025-04-12T23:53:24 IST" duration-ms="815" status="PASS">
          <reporter-output>
          </reporter-output>
        </test-method> <!-- tearDown -->
        <test-method is-config="true" signature="setUp(java.lang.String)[pri:0, instance:testCases.TS006_BookedItineraryTest@3c9d0b9d]" started-at="2025-04-12T23:53:24 IST" name="setUp" finished-at="2025-04-12T23:53:30 IST" duration-ms="5520" status="PASS">
          <params>
            <param index="0">
              <value>
                <![CDATA[chrome]]>
              </value>
            </param>
          </params>
          <reporter-output>
          </reporter-output>
        </test-method> <!-- setUp -->
        <test-method is-config="true" signature="setUp()[pri:0, instance:testCases.TS006_BookedItineraryTest@3c9d0b9d]" started-at="2025-04-12T23:53:30 IST" name="setUp" finished-at="2025-04-12T23:53:32 IST" duration-ms="1871" status="PASS">
          <reporter-output>
          </reporter-output>
        </test-method> <!-- setUp -->
        <test-method signature="verifyLogout()[pri:7, instance:testCases.TS006_BookedItineraryTest@3c9d0b9d]" started-at="2025-04-12T23:53:32 IST" name="verifyLogout" finished-at="2025-04-12T23:53:56 IST" duration-ms="24826" status="PASS">
          <reporter-output>
          </reporter-output>
        </test-method> <!-- verifyLogout -->
        <test-method is-config="true" signature="tearDown()[pri:0, instance:testCases.TS006_BookedItineraryTest@3c9d0b9d]" started-at="2025-04-12T23:53:56 IST" name="tearDown" finished-at="2025-04-12T23:53:57 IST" duration-ms="760" status="PASS">
          <reporter-output>
          </reporter-output>
        </test-method> <!-- tearDown -->
      </class> <!-- testCases.TS006_BookedItineraryTest -->
      <class name="testCases.TS007_HomeScreenTest">
        <test-method is-config="true" signature="setUp(java.lang.String)[pri:0, instance:testCases.TS007_HomeScreenTest@43301423]" started-at="2025-04-12T23:53:57 IST" name="setUp" finished-at="2025-04-12T23:54:03 IST" duration-ms="5426" status="PASS">
          <params>
            <param index="0">
              <value>
                <![CDATA[chrome]]>
              </value>
            </param>
          </params>
          <reporter-output>
          </reporter-output>
        </test-method> <!-- setUp -->
        <test-method is-config="true" signature="setUp()[pri:0, instance:testCases.TS007_HomeScreenTest@43301423]" started-at="2025-04-12T23:54:03 IST" name="setUp" finished-at="2025-04-12T23:54:04 IST" duration-ms="1540" status="PASS">
          <reporter-output>
          </reporter-output>
        </test-method> <!-- setUp -->
        <test-method signature="verifyLogout()[pri:1, instance:testCases.TS007_HomeScreenTest@43301423]" started-at="2025-04-12T23:54:04 IST" name="verifyLogout" finished-at="2025-04-12T23:54:05 IST" duration-ms="631" status="PASS">
          <reporter-output>
          </reporter-output>
        </test-method> <!-- verifyLogout -->
        <test-method is-config="true" signature="tearDown()[pri:0, instance:testCases.TS007_HomeScreenTest@43301423]" started-at="2025-04-12T23:54:05 IST" name="tearDown" finished-at="2025-04-12T23:54:05 IST" duration-ms="631" status="PASS">
          <reporter-output>
          </reporter-output>
        </test-method> <!-- tearDown -->
        <test-method is-config="true" signature="setUp(java.lang.String)[pri:0, instance:testCases.TS007_HomeScreenTest@43301423]" started-at="2025-04-12T23:54:05 IST" name="setUp" finished-at="2025-04-12T23:54:12 IST" duration-ms="6437" status="PASS">
          <params>
            <param index="0">
              <value>
                <![CDATA[chrome]]>
              </value>
            </param>
          </params>
          <reporter-output>
          </reporter-output>
        </test-method> <!-- setUp -->
        <test-method is-config="true" signature="setUp()[pri:0, instance:testCases.TS007_HomeScreenTest@43301423]" started-at="2025-04-12T23:54:12 IST" name="setUp" finished-at="2025-04-12T23:54:12 IST" duration-ms="478" status="PASS">
          <reporter-output>
          </reporter-output>
        </test-method> <!-- setUp -->
        <test-method signature="verifyChangePassword()[pri:2, instance:testCases.TS007_HomeScreenTest@43301423]" started-at="2025-04-12T23:54:12 IST" name="verifyChangePassword" finished-at="2025-04-12T23:54:27 IST" duration-ms="14841" status="FAIL">
          <exception class="java.lang.AssertionError">
            <message>
              <![CDATA[null]]>
            </message>
            <full-stacktrace>
              <![CDATA[java.lang.AssertionError: null
at org.testng.Assert.fail(Assert.java:111)
at org.testng.Assert.fail(Assert.java:116)
at testCases.TS007_HomeScreenTest.verifyChangePassword(TS007_HomeScreenTest.java:64)
at java.base/jdk.internal.reflect.NativeMethodAccessorImpl.invoke0(Native Method)
at java.base/jdk.internal.reflect.NativeMethodAccessorImpl.invoke(NativeMethodAccessorImpl.java:77)
at java.base/jdk.internal.reflect.DelegatingMethodAccessorImpl.invoke(DelegatingMethodAccessorImpl.java:43)
at java.base/java.lang.reflect.Method.invoke(Method.java:568)
at org.testng.internal.invokers.MethodInvocationHelper.invokeMethod(MethodInvocationHelper.java:141)
at org.testng.internal.invokers.TestInvoker.invokeMethod(TestInvoker.java:686)
at org.testng.internal.invokers.TestInvoker.invokeTestMethod(TestInvoker.java:230)
at org.testng.internal.invokers.MethodRunner.runInSequence(MethodRunner.java:63)
at org.testng.internal.invokers.TestInvoker$MethodInvocationAgent.invoke(TestInvoker.java:992)
at org.testng.internal.invokers.TestInvoker.invokeTestMethods(TestInvoker.java:203)
at org.testng.internal.invokers.TestMethodWorker.invokeTestMethods(TestMethodWorker.java:154)
at org.testng.internal.invokers.TestMethodWorker.run(TestMethodWorker.java:134)
at java.base/java.util.ArrayList.forEach(ArrayList.java:1511)
at org.testng.TestRunner.privateRun(TestRunner.java:739)
at org.testng.TestRunner.run(TestRunner.java:614)
at org.testng.SuiteRunner.runTest(SuiteRunner.java:421)
at org.testng.SuiteRunner.runSequentially(SuiteRunner.java:413)
at org.testng.SuiteRunner.privateRun(SuiteRunner.java:373)
at org.testng.SuiteRunner.run(SuiteRunner.java:312)
at org.testng.SuiteRunnerWorker.runSuite(SuiteRunnerWorker.java:52)
at org.testng.SuiteRunnerWorker.run(SuiteRunnerWorker.java:95)
at org.testng.TestNG.runSuitesSequentially(TestNG.java:1274)
at org.testng.TestNG.runSuitesLocally(TestNG.java:1208)
at org.testng.TestNG.runSuites(TestNG.java:1112)
at org.testng.TestNG.run(TestNG.java:1079)
at org.apache.maven.surefire.testng.TestNGExecutor.run(TestNGExecutor.java:132)
at org.apache.maven.surefire.testng.TestNGDirectoryTestSuite.executeMulti(TestNGDirectoryTestSuite.java:224)
at org.apache.maven.surefire.testng.TestNGDirectoryTestSuite.execute(TestNGDirectoryTestSuite.java:113)
at org.apache.maven.surefire.testng.TestNGProvider.invoke(TestNGProvider.java:146)
at org.apache.maven.surefire.booter.ForkedBooter.invokeProviderInSameClassLoader(ForkedBooter.java:286)
at org.apache.maven.surefire.booter.ForkedBooter.runSuitesInProcess(ForkedBooter.java:240)
at org.apache.maven.surefire.booter.ForkedBooter.main(ForkedBooter.java:121)
]]>
            </full-stacktrace>
          </exception> <!-- java.lang.AssertionError -->
          <reporter-output>
          </reporter-output>
        </test-method> <!-- verifyChangePassword -->
        <test-method is-config="true" signature="tearDown()[pri:0, instance:testCases.TS007_HomeScreenTest@43301423]" started-at="2025-04-12T23:54:27 IST" name="tearDown" finished-at="2025-04-12T23:54:28 IST" duration-ms="808" status="PASS">
          <reporter-output>
          </reporter-output>
        </test-method> <!-- tearDown -->
      </class> <!-- testCases.TS007_HomeScreenTest -->
      <class name="testCases.TS005_BookingConfirmTest">
        <test-method is-config="true" signature="setUp(java.lang.String)[pri:0, instance:testCases.TS005_BookingConfirmTest@6dbb137d]" started-at="2025-04-12T23:46:09 IST" name="setUp" finished-at="2025-04-12T23:46:15 IST" duration-ms="6207" status="PASS">
          <params>
            <param index="0">
              <value>
                <![CDATA[chrome]]>
              </value>
            </param>
          </params>
          <reporter-output>
          </reporter-output>
        </test-method> <!-- setUp -->
        <test-method is-config="true" signature="setUp()[pri:0, instance:testCases.TS005_BookingConfirmTest@6dbb137d]" started-at="2025-04-12T23:46:15 IST" name="setUp" finished-at="2025-04-12T23:46:16 IST" duration-ms="481" status="PASS">
          <reporter-output>
          </reporter-output>
        </test-method> <!-- setUp -->
        <test-method signature="verifyPopulatedFields(java.lang.String,java.lang.String,java.lang.String,java.lang.String,java.lang.String,java.lang.String,java.lang.String,java.lang.String,java.lang.String,java.lang.String,java.lang.String,java.lang.String,java.lang.String,java.lang.String)[pri:1, instance:testCases.TS005_BookingConfirmTest@6dbb137d]" started-at="2025-04-12T23:46:16 IST" name="verifyPopulatedFields" data-provider="bookingdata" finished-at="2025-04-12T23:46:28 IST" duration-ms="12568" status="PASS">
          <params>
            <param index="0">
              <value>
                <![CDATA[Adelaide]]>
              </value>
            </param>
            <param index="1">
              <value>
                <![CDATA[Hotel Cornice]]>
              </value>
            </param>
            <param index="2">
              <value>
                <![CDATA[Super Deluxe]]>
              </value>
            </param>
            <param index="3">
              <value>
                <![CDATA[2]]>
              </value>
            </param>
            <param index="4">
              <value>
                <![CDATA[2]]>
              </value>
            </param>
            <param index="5">
              <value>
                <![CDATA[1]]>
              </value>
            </param>
            <param index="6">
              <value>
                <![CDATA[Lina]]>
              </value>
            </param>
            <param index="7">
              <value>
                <![CDATA[L]]>
              </value>
            </param>
            <param index="8">
              <value>
                <![CDATA[10 cross st]]>
              </value>
            </param>
            <param index="9">
              <value>
                <![CDATA[1232123412341234]]>
              </value>
            </param>
            <param index="10">
              <value>
                <![CDATA[MAST]]>
              </value>
            </param>
            <param index="11">
              <value>
                <![CDATA[3]]>
              </value>
            </param>
            <param index="12">
              <value>
                <![CDATA[2030]]>
              </value>
            </param>
            <param index="13">
              <value>
                <![CDATA[111]]>
              </value>
            </param>
          </params>
          <reporter-output>
          </reporter-output>
        </test-method> <!-- verifyPopulatedFields -->
        <test-method is-config="true" signature="tearDown()[pri:0, instance:testCases.TS005_BookingConfirmTest@6dbb137d]" started-at="2025-04-12T23:46:28 IST" name="tearDown" finished-at="2025-04-12T23:46:29 IST" duration-ms="783" status="PASS">
          <reporter-output>
          </reporter-output>
        </test-method> <!-- tearDown -->
        <test-method is-config="true" signature="setUp(java.lang.String)[pri:0, instance:testCases.TS005_BookingConfirmTest@6dbb137d]" started-at="2025-04-12T23:46:29 IST" name="setUp" finished-at="2025-04-12T23:46:35 IST" duration-ms="5784" status="PASS">
          <params>
            <param index="0">
              <value>
                <![CDATA[chrome]]>
              </value>
            </param>
          </params>
          <reporter-output>
          </reporter-output>
        </test-method> <!-- setUp -->
        <test-method is-config="true" signature="setUp()[pri:0, instance:testCases.TS005_BookingConfirmTest@6dbb137d]" started-at="2025-04-12T23:46:35 IST" name="setUp" finished-at="2025-04-12T23:46:35 IST" duration-ms="477" status="PASS">
          <reporter-output>
          </reporter-output>
        </test-method> <!-- setUp -->
        <test-method signature="verifyMyItinerary(java.lang.String,java.lang.String,java.lang.String,java.lang.String,java.lang.String,java.lang.String,java.lang.String,java.lang.String,java.lang.String,java.lang.String,java.lang.String,java.lang.String,java.lang.String,java.lang.String)[pri:2, instance:testCases.TS005_BookingConfirmTest@6dbb137d]" started-at="2025-04-12T23:46:35 IST" name="verifyMyItinerary" data-provider="bookingdata" finished-at="2025-04-12T23:47:01 IST" duration-ms="25622" status="PASS">
          <params>
            <param index="0">
              <value>
                <![CDATA[Adelaide]]>
              </value>
            </param>
            <param index="1">
              <value>
                <![CDATA[Hotel Cornice]]>
              </value>
            </param>
            <param index="2">
              <value>
                <![CDATA[Super Deluxe]]>
              </value>
            </param>
            <param index="3">
              <value>
                <![CDATA[2]]>
              </value>
            </param>
            <param index="4">
              <value>
                <![CDATA[2]]>
              </value>
            </param>
            <param index="5">
              <value>
                <![CDATA[1]]>
              </value>
            </param>
            <param index="6">
              <value>
                <![CDATA[Lina]]>
              </value>
            </param>
            <param index="7">
              <value>
                <![CDATA[L]]>
              </value>
            </param>
            <param index="8">
              <value>
                <![CDATA[10 cross st]]>
              </value>
            </param>
            <param index="9">
              <value>
                <![CDATA[1232123412341234]]>
              </value>
            </param>
            <param index="10">
              <value>
                <![CDATA[MAST]]>
              </value>
            </param>
            <param index="11">
              <value>
                <![CDATA[3]]>
              </value>
            </param>
            <param index="12">
              <value>
                <![CDATA[2030]]>
              </value>
            </param>
            <param index="13">
              <value>
                <![CDATA[111]]>
              </value>
            </param>
          </params>
          <reporter-output>
          </reporter-output>
        </test-method> <!-- verifyMyItinerary -->
        <test-method is-config="true" signature="tearDown()[pri:0, instance:testCases.TS005_BookingConfirmTest@6dbb137d]" started-at="2025-04-12T23:47:01 IST" name="tearDown" finished-at="2025-04-12T23:47:02 IST" duration-ms="810" status="PASS">
          <reporter-output>
          </reporter-output>
        </test-method> <!-- tearDown -->
        <test-method is-config="true" signature="setUp(java.lang.String)[pri:0, instance:testCases.TS005_BookingConfirmTest@6dbb137d]" started-at="2025-04-12T23:47:02 IST" name="setUp" finished-at="2025-04-12T23:47:08 IST" duration-ms="5932" status="PASS">
          <params>
            <param index="0">
              <value>
                <![CDATA[chrome]]>
              </value>
            </param>
          </params>
          <reporter-output>
          </reporter-output>
        </test-method> <!-- setUp -->
        <test-method is-config="true" signature="setUp()[pri:0, instance:testCases.TS005_BookingConfirmTest@6dbb137d]" started-at="2025-04-12T23:47:08 IST" name="setUp" finished-at="2025-04-12T23:47:09 IST" duration-ms="1480" status="PASS">
          <reporter-output>
          </reporter-output>
        </test-method> <!-- setUp -->
        <test-method signature="verifySearchHotelPage(java.lang.String,java.lang.String,java.lang.String,java.lang.String,java.lang.String,java.lang.String,java.lang.String,java.lang.String,java.lang.String,java.lang.String,java.lang.String,java.lang.String,java.lang.String,java.lang.String)[pri:3, instance:testCases.TS005_BookingConfirmTest@6dbb137d]" started-at="2025-04-12T23:47:09 IST" name="verifySearchHotelPage" data-provider="bookingdata" finished-at="2025-04-12T23:47:22 IST" duration-ms="12640" status="PASS">
          <params>
            <param index="0">
              <value>
                <![CDATA[Adelaide]]>
              </value>
            </param>
            <param index="1">
              <value>
                <![CDATA[Hotel Cornice]]>
              </value>
            </param>
            <param index="2">
              <value>
                <![CDATA[Super Deluxe]]>
              </value>
            </param>
            <param index="3">
              <value>
                <![CDATA[2]]>
              </value>
            </param>
            <param index="4">
              <value>
                <![CDATA[2]]>
              </value>
            </param>
            <param index="5">
              <value>
                <![CDATA[1]]>
              </value>
            </param>
            <param index="6">
              <value>
                <![CDATA[Lina]]>
              </value>
            </param>
            <param index="7">
              <value>
                <![CDATA[L]]>
              </value>
            </param>
            <param index="8">
              <value>
                <![CDATA[10 cross st]]>
              </value>
            </param>
            <param index="9">
              <value>
                <![CDATA[1232123412341234]]>
              </value>
            </param>
            <param index="10">
              <value>
                <![CDATA[MAST]]>
              </value>
            </param>
            <param index="11">
              <value>
                <![CDATA[3]]>
              </value>
            </param>
            <param index="12">
              <value>
                <![CDATA[2030]]>
              </value>
            </param>
            <param index="13">
              <value>
                <![CDATA[111]]>
              </value>
            </param>
          </params>
          <reporter-output>
          </reporter-output>
        </test-method> <!-- verifySearchHotelPage -->
        <test-method is-config="true" signature="tearDown()[pri:0, instance:testCases.TS005_BookingConfirmTest@6dbb137d]" started-at="2025-04-12T23:47:22 IST" name="tearDown" finished-at="2025-04-12T23:47:23 IST" duration-ms="761" status="PASS">
          <reporter-output>
          </reporter-output>
        </test-method> <!-- tearDown -->
        <test-method is-config="true" signature="setUp(java.lang.String)[pri:0, instance:testCases.TS005_BookingConfirmTest@6dbb137d]" started-at="2025-04-12T23:47:23 IST" name="setUp" finished-at="2025-04-12T23:47:28 IST" duration-ms="5087" status="PASS">
          <params>
            <param index="0">
              <value>
                <![CDATA[chrome]]>
              </value>
            </param>
          </params>
          <reporter-output>
          </reporter-output>
        </test-method> <!-- setUp -->
        <test-method is-config="true" signature="setUp()[pri:0, instance:testCases.TS005_BookingConfirmTest@6dbb137d]" started-at="2025-04-12T23:47:28 IST" name="setUp" finished-at="2025-04-12T23:47:28 IST" duration-ms="487" status="PASS">
          <reporter-output>
          </reporter-output>
        </test-method> <!-- setUp -->
        <test-method signature="verifyLogoutButton(java.lang.String,java.lang.String,java.lang.String,java.lang.String,java.lang.String,java.lang.String,java.lang.String,java.lang.String,java.lang.String,java.lang.String,java.lang.String,java.lang.String,java.lang.String,java.lang.String)[pri:4, instance:testCases.TS005_BookingConfirmTest@6dbb137d]" started-at="2025-04-12T23:47:28 IST" name="verifyLogoutButton" data-provider="bookingdata" finished-at="2025-04-12T23:47:41 IST" duration-ms="12973" status="FAIL">
          <params>
            <param index="0">
              <value>
                <![CDATA[Adelaide]]>
              </value>
            </param>
            <param index="1">
              <value>
                <![CDATA[Hotel Cornice]]>
              </value>
            </param>
            <param index="2">
              <value>
                <![CDATA[Super Deluxe]]>
              </value>
            </param>
            <param index="3">
              <value>
                <![CDATA[2]]>
              </value>
            </param>
            <param index="4">
              <value>
                <![CDATA[2]]>
              </value>
            </param>
            <param index="5">
              <value>
                <![CDATA[1]]>
              </value>
            </param>
            <param index="6">
              <value>
                <![CDATA[Lina]]>
              </value>
            </param>
            <param index="7">
              <value>
                <![CDATA[L]]>
              </value>
            </param>
            <param index="8">
              <value>
                <![CDATA[10 cross st]]>
              </value>
            </param>
            <param index="9">
              <value>
                <![CDATA[1232123412341234]]>
              </value>
            </param>
            <param index="10">
              <value>
                <![CDATA[MAST]]>
              </value>
            </param>
            <param index="11">
              <value>
                <![CDATA[3]]>
              </value>
            </param>
            <param index="12">
              <value>
                <![CDATA[2030]]>
              </value>
            </param>
            <param index="13">
              <value>
                <![CDATA[111]]>
              </value>
            </param>
          </params>
          <exception class="java.lang.AssertionError">
            <message>
              <![CDATA[null]]>
            </message>
            <full-stacktrace>
              <![CDATA[java.lang.AssertionError: null
at org.testng.Assert.fail(Assert.java:111)
at org.testng.Assert.fail(Assert.java:116)
at testCases.TS005_BookingConfirmTest.verifyLogoutButton(TS005_BookingConfirmTest.java:156)
at java.base/jdk.internal.reflect.NativeMethodAccessorImpl.invoke0(Native Method)
at java.base/jdk.internal.reflect.NativeMethodAccessorImpl.invoke(NativeMethodAccessorImpl.java:77)
at java.base/jdk.internal.reflect.DelegatingMethodAccessorImpl.invoke(DelegatingMethodAccessorImpl.java:43)
at java.base/java.lang.reflect.Method.invoke(Method.java:568)
at org.testng.internal.invokers.MethodInvocationHelper.invokeMethod(MethodInvocationHelper.java:141)
at org.testng.internal.invokers.TestInvoker.invokeMethod(TestInvoker.java:686)
at org.testng.internal.invokers.TestInvoker.invokeTestMethod(TestInvoker.java:230)
at org.testng.internal.invokers.MethodRunner.runInSequence(MethodRunner.java:63)
at org.testng.internal.invokers.TestInvoker$MethodInvocationAgent.invoke(TestInvoker.java:992)
at org.testng.internal.invokers.TestInvoker.invokeTestMethods(TestInvoker.java:203)
at org.testng.internal.invokers.TestMethodWorker.invokeTestMethods(TestMethodWorker.java:154)
at org.testng.internal.invokers.TestMethodWorker.run(TestMethodWorker.java:134)
at java.base/java.util.ArrayList.forEach(ArrayList.java:1511)
at org.testng.TestRunner.privateRun(TestRunner.java:739)
at org.testng.TestRunner.run(TestRunner.java:614)
at org.testng.SuiteRunner.runTest(SuiteRunner.java:421)
at org.testng.SuiteRunner.runSequentially(SuiteRunner.java:413)
at org.testng.SuiteRunner.privateRun(SuiteRunner.java:373)
at org.testng.SuiteRunner.run(SuiteRunner.java:312)
at org.testng.SuiteRunnerWorker.runSuite(SuiteRunnerWorker.java:52)
at org.testng.SuiteRunnerWorker.run(SuiteRunnerWorker.java:95)
at org.testng.TestNG.runSuitesSequentially(TestNG.java:1274)
at org.testng.TestNG.runSuitesLocally(TestNG.java:1208)
at org.testng.TestNG.runSuites(TestNG.java:1112)
at org.testng.TestNG.run(TestNG.java:1079)
at org.apache.maven.surefire.testng.TestNGExecutor.run(TestNGExecutor.java:132)
at org.apache.maven.surefire.testng.TestNGDirectoryTestSuite.executeMulti(TestNGDirectoryTestSuite.java:224)
at org.apache.maven.surefire.testng.TestNGDirectoryTestSuite.execute(TestNGDirectoryTestSuite.java:113)
at org.apache.maven.surefire.testng.TestNGProvider.invoke(TestNGProvider.java:146)
at org.apache.maven.surefire.booter.ForkedBooter.invokeProviderInSameClassLoader(ForkedBooter.java:286)
at org.apache.maven.surefire.booter.ForkedBooter.runSuitesInProcess(ForkedBooter.java:240)
at org.apache.maven.surefire.booter.ForkedBooter.main(ForkedBooter.java:121)
]]>
            </full-stacktrace>
          </exception> <!-- java.lang.AssertionError -->
          <reporter-output>
          </reporter-output>
        </test-method> <!-- verifyLogoutButton -->
        <test-method is-config="true" signature="tearDown()[pri:0, instance:testCases.TS005_BookingConfirmTest@6dbb137d]" started-at="2025-04-12T23:47:41 IST" name="tearDown" finished-at="2025-04-12T23:47:42 IST" duration-ms="835" status="PASS">
          <reporter-output>
          </reporter-output>
        </test-method> <!-- tearDown -->
      </class> <!-- testCases.TS005_BookingConfirmTest -->
      <class name="testCases.TS002_SearchHotelTest">
        <test-method is-config="true" signature="setUp(java.lang.String)[pri:0, instance:testCases.TS002_SearchHotelTest@63a65a25]" started-at="2025-04-12T23:41:08 IST" name="setUp" finished-at="2025-04-12T23:41:53 IST" duration-ms="44678" status="PASS">
          <params>
            <param index="0">
              <value>
                <![CDATA[chrome]]>
              </value>
            </param>
          </params>
          <reporter-output>
          </reporter-output>
        </test-method> <!-- setUp -->
        <test-method is-config="true" signature="setUp()[pri:0, instance:testCases.TS002_SearchHotelTest@63a65a25]" started-at="2025-04-12T23:41:53 IST" name="setUp" finished-at="2025-04-12T23:41:55 IST" duration-ms="2234" status="PASS">
          <reporter-output>
          </reporter-output>
        </test-method> <!-- setUp -->
        <test-method signature="verifyWelcomeText()[pri:1, instance:testCases.TS002_SearchHotelTest@63a65a25]" started-at="2025-04-12T23:41:55 IST" name="verifyWelcomeText" finished-at="2025-04-12T23:41:55 IST" duration-ms="50" status="PASS">
          <reporter-output>
          </reporter-output>
        </test-method> <!-- verifyWelcomeText -->
        <test-method is-config="true" signature="tearDown()[pri:0, instance:testCases.TS002_SearchHotelTest@63a65a25]" started-at="2025-04-12T23:41:55 IST" name="tearDown" finished-at="2025-04-12T23:42:04 IST" duration-ms="9327" status="PASS">
          <reporter-output>
          </reporter-output>
        </test-method> <!-- tearDown -->
        <test-method is-config="true" signature="setUp(java.lang.String)[pri:0, instance:testCases.TS002_SearchHotelTest@63a65a25]" started-at="2025-04-12T23:42:04 IST" name="setUp" finished-at="2025-04-12T23:42:17 IST" duration-ms="12282" status="PASS">
          <params>
            <param index="0">
              <value>
                <![CDATA[chrome]]>
              </value>
            </param>
          </params>
          <reporter-output>
          </reporter-output>
        </test-method> <!-- setUp -->
        <test-method is-config="true" signature="setUp()[pri:0, instance:testCases.TS002_SearchHotelTest@63a65a25]" started-at="2025-04-12T23:42:17 IST" name="setUp" finished-at="2025-04-12T23:42:18 IST" duration-ms="1602" status="PASS">
          <reporter-output>
          </reporter-output>
        </test-method> <!-- setUp -->
        <test-method signature="searchHotelByAllDetails(java.lang.String,java.lang.String,java.lang.String,java.lang.String,java.lang.String,java.lang.String)[pri:2, instance:testCases.TS002_SearchHotelTest@63a65a25]" started-at="2025-04-12T23:42:18 IST" name="searchHotelByAllDetails" data-provider="searchData" finished-at="2025-04-12T23:42:20 IST" duration-ms="2197" status="PASS">
          <params>
            <param index="0">
              <value>
                <![CDATA[London]]>
              </value>
            </param>
            <param index="1">
              <value>
                <![CDATA[Hotel Creek]]>
              </value>
            </param>
            <param index="2">
              <value>
                <![CDATA[Standard]]>
              </value>
            </param>
            <param index="3">
              <value>
                <![CDATA[2]]>
              </value>
            </param>
            <param index="4">
              <value>
                <![CDATA[2]]>
              </value>
            </param>
            <param index="5">
              <value>
                <![CDATA[1]]>
              </value>
            </param>
          </params>
          <reporter-output>
          </reporter-output>
        </test-method> <!-- searchHotelByAllDetails -->
        <test-method is-config="true" signature="tearDown()[pri:0, instance:testCases.TS002_SearchHotelTest@63a65a25]" started-at="2025-04-12T23:42:20 IST" name="tearDown" finished-at="2025-04-12T23:42:27 IST" duration-ms="6381" status="PASS">
          <reporter-output>
          </reporter-output>
        </test-method> <!-- tearDown -->
        <test-method is-config="true" signature="setUp(java.lang.String)[pri:0, instance:testCases.TS002_SearchHotelTest@63a65a25]" started-at="2025-04-12T23:42:27 IST" name="setUp" finished-at="2025-04-12T23:42:34 IST" duration-ms="7406" status="PASS">
          <params>
            <param index="0">
              <value>
                <![CDATA[chrome]]>
              </value>
            </param>
          </params>
          <reporter-output>
          </reporter-output>
        </test-method> <!-- setUp -->
        <test-method is-config="true" signature="setUp()[pri:0, instance:testCases.TS002_SearchHotelTest@63a65a25]" started-at="2025-04-12T23:42:34 IST" name="setUp" finished-at="2025-04-12T23:42:35 IST" duration-ms="615" status="PASS">
          <reporter-output>
          </reporter-output>
        </test-method> <!-- setUp -->
        <test-method signature="searchHotelByAllDetails(java.lang.String,java.lang.String,java.lang.String,java.lang.String,java.lang.String,java.lang.String)[pri:2, instance:testCases.TS002_SearchHotelTest@63a65a25]" started-at="2025-04-12T23:42:35 IST" name="searchHotelByAllDetails" data-provider="searchData" finished-at="2025-04-12T23:42:38 IST" duration-ms="2964" status="PASS">
          <params>
            <param index="0">
              <value>
                <![CDATA[Paris]]>
              </value>
            </param>
            <param index="1">
              <value>
                <![CDATA[Hotel Sunshine]]>
              </value>
            </param>
            <param index="2">
              <value>
                <![CDATA[Double]]>
              </value>
            </param>
            <param index="3">
              <value>
                <![CDATA[2]]>
              </value>
            </param>
            <param index="4">
              <value>
                <![CDATA[2]]>
              </value>
            </param>
            <param index="5">
              <value>
                <![CDATA[1]]>
              </value>
            </param>
          </params>
          <reporter-output>
          </reporter-output>
        </test-method> <!-- searchHotelByAllDetails -->
        <test-method is-config="true" signature="tearDown()[pri:0, instance:testCases.TS002_SearchHotelTest@63a65a25]" started-at="2025-04-12T23:42:38 IST" name="tearDown" finished-at="2025-04-12T23:42:39 IST" duration-ms="1410" status="PASS">
          <reporter-output>
          </reporter-output>
        </test-method> <!-- tearDown -->
        <test-method is-config="true" signature="setUp(java.lang.String)[pri:0, instance:testCases.TS002_SearchHotelTest@63a65a25]" started-at="2025-04-12T23:42:39 IST" name="setUp" finished-at="2025-04-12T23:42:43 IST" duration-ms="4056" status="PASS">
          <params>
            <param index="0">
              <value>
                <![CDATA[chrome]]>
              </value>
            </param>
          </params>
          <reporter-output>
          </reporter-output>
        </test-method> <!-- setUp -->
        <test-method is-config="true" signature="setUp()[pri:0, instance:testCases.TS002_SearchHotelTest@63a65a25]" started-at="2025-04-12T23:42:43 IST" name="setUp" finished-at="2025-04-12T23:42:47 IST" duration-ms="3565" status="PASS">
          <reporter-output>
          </reporter-output>
        </test-method> <!-- setUp -->
        <test-method signature="searchHotelbyDefaultDetails()[pri:3, instance:testCases.TS002_SearchHotelTest@63a65a25]" started-at="2025-04-12T23:42:47 IST" name="searchHotelbyDefaultDetails" finished-at="2025-04-12T23:42:47 IST" duration-ms="313" status="PASS">
          <reporter-output>
          </reporter-output>
        </test-method> <!-- searchHotelbyDefaultDetails -->
        <test-method is-config="true" signature="tearDown()[pri:0, instance:testCases.TS002_SearchHotelTest@63a65a25]" started-at="2025-04-12T23:42:47 IST" name="tearDown" finished-at="2025-04-12T23:42:48 IST" duration-ms="683" status="PASS">
          <reporter-output>
          </reporter-output>
        </test-method> <!-- tearDown -->
        <test-method is-config="true" signature="setUp(java.lang.String)[pri:0, instance:testCases.TS002_SearchHotelTest@63a65a25]" started-at="2025-04-12T23:42:48 IST" name="setUp" finished-at="2025-04-12T23:42:51 IST" duration-ms="3545" status="PASS">
          <params>
            <param index="0">
              <value>
                <![CDATA[chrome]]>
              </value>
            </param>
          </params>
          <reporter-output>
          </reporter-output>
        </test-method> <!-- setUp -->
        <test-method is-config="true" signature="setUp()[pri:0, instance:testCases.TS002_SearchHotelTest@63a65a25]" started-at="2025-04-12T23:42:51 IST" name="setUp" finished-at="2025-04-12T23:42:55 IST" duration-ms="3700" status="PASS">
          <reporter-output>
          </reporter-output>
        </test-method> <!-- setUp -->
        <test-method signature="verifyResetButton(java.lang.String,java.lang.String,java.lang.String,java.lang.String,java.lang.String,java.lang.String)[pri:4, instance:testCases.TS002_SearchHotelTest@63a65a25]" started-at="2025-04-12T23:42:55 IST" name="verifyResetButton" data-provider="searchData" finished-at="2025-04-12T23:42:57 IST" duration-ms="1997" status="PASS">
          <params>
            <param index="0">
              <value>
                <![CDATA[London]]>
              </value>
            </param>
            <param index="1">
              <value>
                <![CDATA[Hotel Creek]]>
              </value>
            </param>
            <param index="2">
              <value>
                <![CDATA[Standard]]>
              </value>
            </param>
            <param index="3">
              <value>
                <![CDATA[2]]>
              </value>
            </param>
            <param index="4">
              <value>
                <![CDATA[2]]>
              </value>
            </param>
            <param index="5">
              <value>
                <![CDATA[1]]>
              </value>
            </param>
          </params>
          <reporter-output>
          </reporter-output>
        </test-method> <!-- verifyResetButton -->
        <test-method is-config="true" signature="tearDown()[pri:0, instance:testCases.TS002_SearchHotelTest@63a65a25]" started-at="2025-04-12T23:42:57 IST" name="tearDown" finished-at="2025-04-12T23:42:58 IST" duration-ms="699" status="PASS">
          <reporter-output>
          </reporter-output>
        </test-method> <!-- tearDown -->
        <test-method is-config="true" signature="setUp(java.lang.String)[pri:0, instance:testCases.TS002_SearchHotelTest@63a65a25]" started-at="2025-04-12T23:42:58 IST" name="setUp" finished-at="2025-04-12T23:43:04 IST" duration-ms="6202" status="PASS">
          <params>
            <param index="0">
              <value>
                <![CDATA[chrome]]>
              </value>
            </param>
          </params>
          <reporter-output>
          </reporter-output>
        </test-method> <!-- setUp -->
        <test-method is-config="true" signature="setUp()[pri:0, instance:testCases.TS002_SearchHotelTest@63a65a25]" started-at="2025-04-12T23:43:04 IST" name="setUp" finished-at="2025-04-12T23:43:05 IST" duration-ms="875" status="PASS">
          <reporter-output>
          </reporter-output>
        </test-method> <!-- setUp -->
        <test-method signature="verifyResetButton(java.lang.String,java.lang.String,java.lang.String,java.lang.String,java.lang.String,java.lang.String)[pri:4, instance:testCases.TS002_SearchHotelTest@63a65a25]" started-at="2025-04-12T23:43:05 IST" name="verifyResetButton" data-provider="searchData" finished-at="2025-04-12T23:43:07 IST" duration-ms="2333" status="PASS">
          <params>
            <param index="0">
              <value>
                <![CDATA[Paris]]>
              </value>
            </param>
            <param index="1">
              <value>
                <![CDATA[Hotel Sunshine]]>
              </value>
            </param>
            <param index="2">
              <value>
                <![CDATA[Double]]>
              </value>
            </param>
            <param index="3">
              <value>
                <![CDATA[2]]>
              </value>
            </param>
            <param index="4">
              <value>
                <![CDATA[2]]>
              </value>
            </param>
            <param index="5">
              <value>
                <![CDATA[1]]>
              </value>
            </param>
          </params>
          <reporter-output>
          </reporter-output>
        </test-method> <!-- verifyResetButton -->
        <test-method is-config="true" signature="tearDown()[pri:0, instance:testCases.TS002_SearchHotelTest@63a65a25]" started-at="2025-04-12T23:43:07 IST" name="tearDown" finished-at="2025-04-12T23:43:08 IST" duration-ms="641" status="PASS">
          <reporter-output>
          </reporter-output>
        </test-method> <!-- tearDown -->
      </class> <!-- testCases.TS002_SearchHotelTest -->
      <class name="testCases.TS004_BookHotelTest">
        <test-method is-config="true" signature="setUp(java.lang.String)[pri:0, instance:testCases.TS004_BookHotelTest@318ba8c8]" started-at="2025-04-12T23:43:58 IST" name="setUp" finished-at="2025-04-12T23:44:08 IST" duration-ms="10664" status="PASS">
          <params>
            <param index="0">
              <value>
                <![CDATA[chrome]]>
              </value>
            </param>
          </params>
          <reporter-output>
          </reporter-output>
        </test-method> <!-- setUp -->
        <test-method is-config="true" signature="setUp()[pri:0, instance:testCases.TS004_BookHotelTest@318ba8c8]" started-at="2025-04-12T23:44:08 IST" name="setUp" finished-at="2025-04-12T23:44:09 IST" duration-ms="524" status="PASS">
          <reporter-output>
          </reporter-output>
        </test-method> <!-- setUp -->
        <test-method signature="verifyBookingByValidDetails(java.lang.String,java.lang.String,java.lang.String,java.lang.String,java.lang.String,java.lang.String,java.lang.String,java.lang.String,java.lang.String,java.lang.String,java.lang.String,java.lang.String,java.lang.String,java.lang.String)[pri:1, instance:testCases.TS004_BookHotelTest@318ba8c8]" started-at="2025-04-12T23:44:09 IST" name="verifyBookingByValidDetails" data-provider="bookingdata" finished-at="2025-04-12T23:44:21 IST" duration-ms="12179" status="PASS">
          <params>
            <param index="0">
              <value>
                <![CDATA[Brisbane]]>
              </value>
            </param>
            <param index="1">
              <value>
                <![CDATA[Hotel Hervey]]>
              </value>
            </param>
            <param index="2">
              <value>
                <![CDATA[Deluxe]]>
              </value>
            </param>
            <param index="3">
              <value>
                <![CDATA[2]]>
              </value>
            </param>
            <param index="4">
              <value>
                <![CDATA[2]]>
              </value>
            </param>
            <param index="5">
              <value>
                <![CDATA[1]]>
              </value>
            </param>
            <param index="6">
              <value>
                <![CDATA[Tina]]>
              </value>
            </param>
            <param index="7">
              <value>
                <![CDATA[T]]>
              </value>
            </param>
            <param index="8">
              <value>
                <![CDATA[18 cross st]]>
              </value>
            </param>
            <param index="9">
              <value>
                <![CDATA[1234123412341234]]>
              </value>
            </param>
            <param index="10">
              <value>
                <![CDATA[VISA]]>
              </value>
            </param>
            <param index="11">
              <value>
                <![CDATA[1]]>
              </value>
            </param>
            <param index="12">
              <value>
                <![CDATA[2028]]>
              </value>
            </param>
            <param index="13">
              <value>
                <![CDATA[223]]>
              </value>
            </param>
          </params>
          <reporter-output>
          </reporter-output>
        </test-method> <!-- verifyBookingByValidDetails -->
        <test-method is-config="true" signature="tearDown()[pri:0, instance:testCases.TS004_BookHotelTest@318ba8c8]" started-at="2025-04-12T23:44:21 IST" name="tearDown" finished-at="2025-04-12T23:44:22 IST" duration-ms="1003" status="PASS">
          <reporter-output>
          </reporter-output>
        </test-method> <!-- tearDown -->
        <test-method is-config="true" signature="setUp(java.lang.String)[pri:0, instance:testCases.TS004_BookHotelTest@318ba8c8]" started-at="2025-04-12T23:44:22 IST" name="setUp" finished-at="2025-04-12T23:44:34 IST" duration-ms="12118" status="PASS">
          <params>
            <param index="0">
              <value>
                <![CDATA[chrome]]>
              </value>
            </param>
          </params>
          <reporter-output>
          </reporter-output>
        </test-method> <!-- setUp -->
        <test-method is-config="true" signature="setUp()[pri:0, instance:testCases.TS004_BookHotelTest@318ba8c8]" started-at="2025-04-12T23:44:34 IST" name="setUp" finished-at="2025-04-12T23:44:36 IST" duration-ms="1513" status="PASS">
          <reporter-output>
          </reporter-output>
        </test-method> <!-- setUp -->
        <test-method signature="verifyBookingByValidDetails(java.lang.String,java.lang.String,java.lang.String,java.lang.String,java.lang.String,java.lang.String,java.lang.String,java.lang.String,java.lang.String,java.lang.String,java.lang.String,java.lang.String,java.lang.String,java.lang.String)[pri:1, instance:testCases.TS004_BookHotelTest@318ba8c8]" started-at="2025-04-12T23:44:36 IST" name="verifyBookingByValidDetails" data-provider="bookingdata" finished-at="2025-04-12T23:44:47 IST" duration-ms="11194" status="PASS">
          <params>
            <param index="0">
              <value>
                <![CDATA[Adelaide]]>
              </value>
            </param>
            <param index="1">
              <value>
                <![CDATA[Hotel Cornice]]>
              </value>
            </param>
            <param index="2">
              <value>
                <![CDATA[Super Deluxe]]>
              </value>
            </param>
            <param index="3">
              <value>
                <![CDATA[2]]>
              </value>
            </param>
            <param index="4">
              <value>
                <![CDATA[2]]>
              </value>
            </param>
            <param index="5">
              <value>
                <![CDATA[1]]>
              </value>
            </param>
            <param index="6">
              <value>
                <![CDATA[Lina]]>
              </value>
            </param>
            <param index="7">
              <value>
                <![CDATA[L]]>
              </value>
            </param>
            <param index="8">
              <value>
                <![CDATA[10 cross st]]>
              </value>
            </param>
            <param index="9">
              <value>
                <![CDATA[1232123412341234]]>
              </value>
            </param>
            <param index="10">
              <value>
                <![CDATA[MAST]]>
              </value>
            </param>
            <param index="11">
              <value>
                <![CDATA[3]]>
              </value>
            </param>
            <param index="12">
              <value>
                <![CDATA[2030]]>
              </value>
            </param>
            <param index="13">
              <value>
                <![CDATA[111]]>
              </value>
            </param>
          </params>
          <reporter-output>
          </reporter-output>
        </test-method> <!-- verifyBookingByValidDetails -->
        <test-method is-config="true" signature="tearDown()[pri:0, instance:testCases.TS004_BookHotelTest@318ba8c8]" started-at="2025-04-12T23:44:47 IST" name="tearDown" finished-at="2025-04-12T23:44:48 IST" duration-ms="837" status="PASS">
          <reporter-output>
          </reporter-output>
        </test-method> <!-- tearDown -->
        <test-method is-config="true" signature="setUp(java.lang.String)[pri:0, instance:testCases.TS004_BookHotelTest@318ba8c8]" started-at="2025-04-12T23:44:48 IST" name="setUp" finished-at="2025-04-12T23:44:55 IST" duration-ms="7008" status="PASS">
          <params>
            <param index="0">
              <value>
                <![CDATA[chrome]]>
              </value>
            </param>
          </params>
          <reporter-output>
          </reporter-output>
        </test-method> <!-- setUp -->
        <test-method is-config="true" signature="setUp()[pri:0, instance:testCases.TS004_BookHotelTest@318ba8c8]" started-at="2025-04-12T23:44:55 IST" name="setUp" finished-at="2025-04-12T23:44:55 IST" duration-ms="444" status="PASS">
          <reporter-output>
          </reporter-output>
        </test-method> <!-- setUp -->
        <test-method signature="verifyCancelButton(java.lang.String,java.lang.String,java.lang.String,java.lang.String,java.lang.String,java.lang.String,java.lang.String,java.lang.String,java.lang.String,java.lang.String,java.lang.String,java.lang.String,java.lang.String,java.lang.String)[pri:2, instance:testCases.TS004_BookHotelTest@318ba8c8]" started-at="2025-04-12T23:44:55 IST" name="verifyCancelButton" data-provider="bookingdata" finished-at="2025-04-12T23:45:01 IST" duration-ms="6024" status="PASS">
          <params>
            <param index="0">
              <value>
                <![CDATA[Brisbane]]>
              </value>
            </param>
            <param index="1">
              <value>
                <![CDATA[Hotel Hervey]]>
              </value>
            </param>
            <param index="2">
              <value>
                <![CDATA[Deluxe]]>
              </value>
            </param>
            <param index="3">
              <value>
                <![CDATA[2]]>
              </value>
            </param>
            <param index="4">
              <value>
                <![CDATA[2]]>
              </value>
            </param>
            <param index="5">
              <value>
                <![CDATA[1]]>
              </value>
            </param>
            <param index="6">
              <value>
                <![CDATA[Tina]]>
              </value>
            </param>
            <param index="7">
              <value>
                <![CDATA[T]]>
              </value>
            </param>
            <param index="8">
              <value>
                <![CDATA[18 cross st]]>
              </value>
            </param>
            <param index="9">
              <value>
                <![CDATA[1234123412341234]]>
              </value>
            </param>
            <param index="10">
              <value>
                <![CDATA[VISA]]>
              </value>
            </param>
            <param index="11">
              <value>
                <![CDATA[1]]>
              </value>
            </param>
            <param index="12">
              <value>
                <![CDATA[2028]]>
              </value>
            </param>
            <param index="13">
              <value>
                <![CDATA[223]]>
              </value>
            </param>
          </params>
          <reporter-output>
          </reporter-output>
        </test-method> <!-- verifyCancelButton -->
        <test-method is-config="true" signature="tearDown()[pri:0, instance:testCases.TS004_BookHotelTest@318ba8c8]" started-at="2025-04-12T23:45:01 IST" name="tearDown" finished-at="2025-04-12T23:45:02 IST" duration-ms="578" status="PASS">
          <reporter-output>
          </reporter-output>
        </test-method> <!-- tearDown -->
        <test-method is-config="true" signature="setUp(java.lang.String)[pri:0, instance:testCases.TS004_BookHotelTest@318ba8c8]" started-at="2025-04-12T23:45:02 IST" name="setUp" finished-at="2025-04-12T23:45:11 IST" duration-ms="8737" status="PASS">
          <params>
            <param index="0">
              <value>
                <![CDATA[chrome]]>
              </value>
            </param>
          </params>
          <reporter-output>
          </reporter-output>
        </test-method> <!-- setUp -->
        <test-method is-config="true" signature="setUp()[pri:0, instance:testCases.TS004_BookHotelTest@318ba8c8]" started-at="2025-04-12T23:45:11 IST" name="setUp" finished-at="2025-04-12T23:45:13 IST" duration-ms="1997" status="PASS">
          <reporter-output>
          </reporter-output>
        </test-method> <!-- setUp -->
        <test-method signature="verifyCancelButton(java.lang.String,java.lang.String,java.lang.String,java.lang.String,java.lang.String,java.lang.String,java.lang.String,java.lang.String,java.lang.String,java.lang.String,java.lang.String,java.lang.String,java.lang.String,java.lang.String)[pri:2, instance:testCases.TS004_BookHotelTest@318ba8c8]" started-at="2025-04-12T23:45:13 IST" name="verifyCancelButton" data-provider="bookingdata" finished-at="2025-04-12T23:45:19 IST" duration-ms="6114" status="PASS">
          <params>
            <param index="0">
              <value>
                <![CDATA[Adelaide]]>
              </value>
            </param>
            <param index="1">
              <value>
                <![CDATA[Hotel Cornice]]>
              </value>
            </param>
            <param index="2">
              <value>
                <![CDATA[Super Deluxe]]>
              </value>
            </param>
            <param index="3">
              <value>
                <![CDATA[2]]>
              </value>
            </param>
            <param index="4">
              <value>
                <![CDATA[2]]>
              </value>
            </param>
            <param index="5">
              <value>
                <![CDATA[1]]>
              </value>
            </param>
            <param index="6">
              <value>
                <![CDATA[Lina]]>
              </value>
            </param>
            <param index="7">
              <value>
                <![CDATA[L]]>
              </value>
            </param>
            <param index="8">
              <value>
                <![CDATA[10 cross st]]>
              </value>
            </param>
            <param index="9">
              <value>
                <![CDATA[1232123412341234]]>
              </value>
            </param>
            <param index="10">
              <value>
                <![CDATA[MAST]]>
              </value>
            </param>
            <param index="11">
              <value>
                <![CDATA[3]]>
              </value>
            </param>
            <param index="12">
              <value>
                <![CDATA[2030]]>
              </value>
            </param>
            <param index="13">
              <value>
                <![CDATA[111]]>
              </value>
            </param>
          </params>
          <reporter-output>
          </reporter-output>
        </test-method> <!-- verifyCancelButton -->
        <test-method is-config="true" signature="tearDown()[pri:0, instance:testCases.TS004_BookHotelTest@318ba8c8]" started-at="2025-04-12T23:45:19 IST" name="tearDown" finished-at="2025-04-12T23:45:21 IST" duration-ms="2631" status="PASS">
          <reporter-output>
          </reporter-output>
        </test-method> <!-- tearDown -->
        <test-method is-config="true" signature="setUp(java.lang.String)[pri:0, instance:testCases.TS004_BookHotelTest@318ba8c8]" started-at="2025-04-12T23:45:21 IST" name="setUp" finished-at="2025-04-12T23:45:27 IST" duration-ms="5730" status="PASS">
          <params>
            <param index="0">
              <value>
                <![CDATA[chrome]]>
              </value>
            </param>
          </params>
          <reporter-output>
          </reporter-output>
        </test-method> <!-- setUp -->
        <test-method is-config="true" signature="setUp()[pri:0, instance:testCases.TS004_BookHotelTest@318ba8c8]" started-at="2025-04-12T23:45:27 IST" name="setUp" finished-at="2025-04-12T23:45:28 IST" duration-ms="1297" status="PASS">
          <reporter-output>
          </reporter-output>
        </test-method> <!-- setUp -->
        <test-method signature="verifyPassingCvvNumber(java.lang.String,java.lang.String,java.lang.String,java.lang.String,java.lang.String,java.lang.String,java.lang.String,java.lang.String,java.lang.String,java.lang.String,java.lang.String,java.lang.String,java.lang.String,java.lang.String)[pri:3, instance:testCases.TS004_BookHotelTest@318ba8c8]" started-at="2025-04-12T23:45:28 IST" name="verifyPassingCvvNumber" data-provider="invalidData" finished-at="2025-04-12T23:45:34 IST" duration-ms="5533" status="PASS">
          <params>
            <param index="0">
              <value>
                <![CDATA[Brisbane]]>
              </value>
            </param>
            <param index="1">
              <value>
                <![CDATA[Hotel Hervey]]>
              </value>
            </param>
            <param index="2">
              <value>
                <![CDATA[Deluxe]]>
              </value>
            </param>
            <param index="3">
              <value>
                <![CDATA[2]]>
              </value>
            </param>
            <param index="4">
              <value>
                <![CDATA[2]]>
              </value>
            </param>
            <param index="5">
              <value>
                <![CDATA[1]]>
              </value>
            </param>
            <param index="6">
              <value>
                <![CDATA[Tina]]>
              </value>
            </param>
            <param index="7">
              <value>
                <![CDATA[T]]>
              </value>
            </param>
            <param index="8">
              <value>
                <![CDATA[18 cross st]]>
              </value>
            </param>
            <param index="9">
              <value>
                <![CDATA[1234123412341234]]>
              </value>
            </param>
            <param index="10">
              <value>
                <![CDATA[VISA]]>
              </value>
            </param>
            <param index="11">
              <value>
                <![CDATA[1]]>
              </value>
            </param>
            <param index="12">
              <value>
                <![CDATA[2028]]>
              </value>
            </param>
            <param index="13">
              <value>
                <![CDATA[223]]>
              </value>
            </param>
          </params>
          <reporter-output>
          </reporter-output>
        </test-method> <!-- verifyPassingCvvNumber -->
        <test-method is-config="true" signature="tearDown()[pri:0, instance:testCases.TS004_BookHotelTest@318ba8c8]" started-at="2025-04-12T23:45:34 IST" name="tearDown" finished-at="2025-04-12T23:45:34 IST" duration-ms="541" status="PASS">
          <reporter-output>
          </reporter-output>
        </test-method> <!-- tearDown -->
        <test-method is-config="true" signature="setUp(java.lang.String)[pri:0, instance:testCases.TS004_BookHotelTest@318ba8c8]" started-at="2025-04-12T23:45:34 IST" name="setUp" finished-at="2025-04-12T23:45:40 IST" duration-ms="5972" status="PASS">
          <params>
            <param index="0">
              <value>
                <![CDATA[chrome]]>
              </value>
            </param>
          </params>
          <reporter-output>
          </reporter-output>
        </test-method> <!-- setUp -->
        <test-method is-config="true" signature="setUp()[pri:0, instance:testCases.TS004_BookHotelTest@318ba8c8]" started-at="2025-04-12T23:45:40 IST" name="setUp" finished-at="2025-04-12T23:45:42 IST" duration-ms="1450" status="PASS">
          <reporter-output>
          </reporter-output>
        </test-method> <!-- setUp -->
        <test-method signature="verifyPassingCreditCardNumber(java.lang.String,java.lang.String,java.lang.String,java.lang.String,java.lang.String,java.lang.String,java.lang.String,java.lang.String,java.lang.String,java.lang.String,java.lang.String,java.lang.String,java.lang.String,java.lang.String)[pri:4, instance:testCases.TS004_BookHotelTest@318ba8c8]" started-at="2025-04-12T23:45:42 IST" name="verifyPassingCreditCardNumber" data-provider="invalidData" finished-at="2025-04-12T23:45:47 IST" duration-ms="5081" status="PASS">
          <params>
            <param index="0">
              <value>
                <![CDATA[Brisbane]]>
              </value>
            </param>
            <param index="1">
              <value>
                <![CDATA[Hotel Hervey]]>
              </value>
            </param>
            <param index="2">
              <value>
                <![CDATA[Deluxe]]>
              </value>
            </param>
            <param index="3">
              <value>
                <![CDATA[2]]>
              </value>
            </param>
            <param index="4">
              <value>
                <![CDATA[2]]>
              </value>
            </param>
            <param index="5">
              <value>
                <![CDATA[1]]>
              </value>
            </param>
            <param index="6">
              <value>
                <![CDATA[Tina]]>
              </value>
            </param>
            <param index="7">
              <value>
                <![CDATA[T]]>
              </value>
            </param>
            <param index="8">
              <value>
                <![CDATA[18 cross st]]>
              </value>
            </param>
            <param index="9">
              <value>
                <![CDATA[1234123412341234]]>
              </value>
            </param>
            <param index="10">
              <value>
                <![CDATA[VISA]]>
              </value>
            </param>
            <param index="11">
              <value>
                <![CDATA[1]]>
              </value>
            </param>
            <param index="12">
              <value>
                <![CDATA[2028]]>
              </value>
            </param>
            <param index="13">
              <value>
                <![CDATA[223]]>
              </value>
            </param>
          </params>
          <reporter-output>
          </reporter-output>
        </test-method> <!-- verifyPassingCreditCardNumber -->
        <test-method is-config="true" signature="tearDown()[pri:0, instance:testCases.TS004_BookHotelTest@318ba8c8]" started-at="2025-04-12T23:45:47 IST" name="tearDown" finished-at="2025-04-12T23:45:47 IST" duration-ms="468" status="PASS">
          <reporter-output>
          </reporter-output>
        </test-method> <!-- tearDown -->
        <test-method is-config="true" signature="setUp(java.lang.String)[pri:0, instance:testCases.TS004_BookHotelTest@318ba8c8]" started-at="2025-04-12T23:45:47 IST" name="setUp" finished-at="2025-04-12T23:45:53 IST" duration-ms="5445" status="PASS">
          <params>
            <param index="0">
              <value>
                <![CDATA[chrome]]>
              </value>
            </param>
          </params>
          <reporter-output>
          </reporter-output>
        </test-method> <!-- setUp -->
        <test-method is-config="true" signature="setUp()[pri:0, instance:testCases.TS004_BookHotelTest@318ba8c8]" started-at="2025-04-12T23:45:53 IST" name="setUp" finished-at="2025-04-12T23:45:53 IST" duration-ms="548" status="PASS">
          <reporter-output>
          </reporter-output>
        </test-method> <!-- setUp -->
        <test-method signature="verifyNonEditableFields(java.lang.String,java.lang.String,java.lang.String,java.lang.String,java.lang.String,java.lang.String,java.lang.String,java.lang.String,java.lang.String,java.lang.String,java.lang.String,java.lang.String,java.lang.String,java.lang.String)[pri:5, instance:testCases.TS004_BookHotelTest@318ba8c8]" started-at="2025-04-12T23:45:53 IST" name="verifyNonEditableFields" data-provider="bookingdata" finished-at="2025-04-12T23:45:58 IST" duration-ms="4336" status="PASS">
          <params>
            <param index="0">
              <value>
                <![CDATA[Brisbane]]>
              </value>
            </param>
            <param index="1">
              <value>
                <![CDATA[Hotel Hervey]]>
              </value>
            </param>
            <param index="2">
              <value>
                <![CDATA[Deluxe]]>
              </value>
            </param>
            <param index="3">
              <value>
                <![CDATA[2]]>
              </value>
            </param>
            <param index="4">
              <value>
                <![CDATA[2]]>
              </value>
            </param>
            <param index="5">
              <value>
                <![CDATA[1]]>
              </value>
            </param>
            <param index="6">
              <value>
                <![CDATA[Tina]]>
              </value>
            </param>
            <param index="7">
              <value>
                <![CDATA[T]]>
              </value>
            </param>
            <param index="8">
              <value>
                <![CDATA[18 cross st]]>
              </value>
            </param>
            <param index="9">
              <value>
                <![CDATA[1234123412341234]]>
              </value>
            </param>
            <param index="10">
              <value>
                <![CDATA[VISA]]>
              </value>
            </param>
            <param index="11">
              <value>
                <![CDATA[1]]>
              </value>
            </param>
            <param index="12">
              <value>
                <![CDATA[2028]]>
              </value>
            </param>
            <param index="13">
              <value>
                <![CDATA[223]]>
              </value>
            </param>
          </params>
          <reporter-output>
          </reporter-output>
        </test-method> <!-- verifyNonEditableFields -->
        <test-method is-config="true" signature="tearDown()[pri:0, instance:testCases.TS004_BookHotelTest@318ba8c8]" started-at="2025-04-12T23:45:58 IST" name="tearDown" finished-at="2025-04-12T23:45:58 IST" duration-ms="646" status="PASS">
          <reporter-output>
          </reporter-output>
        </test-method> <!-- tearDown -->
        <test-method is-config="true" signature="setUp(java.lang.String)[pri:0, instance:testCases.TS004_BookHotelTest@318ba8c8]" started-at="2025-04-12T23:45:58 IST" name="setUp" finished-at="2025-04-12T23:46:04 IST" duration-ms="5551" status="PASS">
          <params>
            <param index="0">
              <value>
                <![CDATA[chrome]]>
              </value>
            </param>
          </params>
          <reporter-output>
          </reporter-output>
        </test-method> <!-- setUp -->
        <test-method is-config="true" signature="setUp()[pri:0, instance:testCases.TS004_BookHotelTest@318ba8c8]" started-at="2025-04-12T23:46:04 IST" name="setUp" finished-at="2025-04-12T23:46:04 IST" duration-ms="500" status="PASS">
          <reporter-output>
          </reporter-output>
        </test-method> <!-- setUp -->
        <test-method signature="verifyNonEditableFields(java.lang.String,java.lang.String,java.lang.String,java.lang.String,java.lang.String,java.lang.String,java.lang.String,java.lang.String,java.lang.String,java.lang.String,java.lang.String,java.lang.String,java.lang.String,java.lang.String)[pri:5, instance:testCases.TS004_BookHotelTest@318ba8c8]" started-at="2025-04-12T23:46:04 IST" name="verifyNonEditableFields" data-provider="bookingdata" finished-at="2025-04-12T23:46:09 IST" duration-ms="4142" status="PASS">
          <params>
            <param index="0">
              <value>
                <![CDATA[Adelaide]]>
              </value>
            </param>
            <param index="1">
              <value>
                <![CDATA[Hotel Cornice]]>
              </value>
            </param>
            <param index="2">
              <value>
                <![CDATA[Super Deluxe]]>
              </value>
            </param>
            <param index="3">
              <value>
                <![CDATA[2]]>
              </value>
            </param>
            <param index="4">
              <value>
                <![CDATA[2]]>
              </value>
            </param>
            <param index="5">
              <value>
                <![CDATA[1]]>
              </value>
            </param>
            <param index="6">
              <value>
                <![CDATA[Lina]]>
              </value>
            </param>
            <param index="7">
              <value>
                <![CDATA[L]]>
              </value>
            </param>
            <param index="8">
              <value>
                <![CDATA[10 cross st]]>
              </value>
            </param>
            <param index="9">
              <value>
                <![CDATA[1232123412341234]]>
              </value>
            </param>
            <param index="10">
              <value>
                <![CDATA[MAST]]>
              </value>
            </param>
            <param index="11">
              <value>
                <![CDATA[3]]>
              </value>
            </param>
            <param index="12">
              <value>
                <![CDATA[2030]]>
              </value>
            </param>
            <param index="13">
              <value>
                <![CDATA[111]]>
              </value>
            </param>
          </params>
          <reporter-output>
          </reporter-output>
        </test-method> <!-- verifyNonEditableFields -->
        <test-method is-config="true" signature="tearDown()[pri:0, instance:testCases.TS004_BookHotelTest@318ba8c8]" started-at="2025-04-12T23:46:09 IST" name="tearDown" finished-at="2025-04-12T23:46:09 IST" duration-ms="613" status="PASS">
          <reporter-output>
          </reporter-output>
        </test-method> <!-- tearDown -->
      </class> <!-- testCases.TS004_BookHotelTest -->
      <class name="testCases.TS001_LoginTest">
        <test-method is-config="true" signature="setUp(java.lang.String)[pri:0, instance:testCases.TS001_LoginTest@11a9e7c8]" started-at="2025-04-12T23:39:12 IST" name="setUp" finished-at="2025-04-12T23:40:06 IST" duration-ms="53726" status="PASS">
          <params>
            <param index="0">
              <value>
                <![CDATA[chrome]]>
              </value>
            </param>
          </params>
          <reporter-output>
          </reporter-output>
        </test-method> <!-- setUp -->
        <test-method is-config="true" signature="setUp()[pri:0, instance:testCases.TS001_LoginTest@11a9e7c8]" started-at="2025-04-12T23:40:06 IST" name="setUp" finished-at="2025-04-12T23:40:07 IST" duration-ms="916" status="PASS">
          <reporter-output>
          </reporter-output>
        </test-method> <!-- setUp -->
        <test-method signature="verifyLoginBtnVisible()[pri:1, instance:testCases.TS001_LoginTest@11a9e7c8]" started-at="2025-04-12T23:40:07 IST" name="verifyLoginBtnVisible" finished-at="2025-04-12T23:40:09 IST" duration-ms="2572" status="PASS">
          <reporter-output>
          </reporter-output>
        </test-method> <!-- verifyLoginBtnVisible -->
        <test-method is-config="true" signature="tearDown()[pri:0, instance:testCases.TS001_LoginTest@11a9e7c8]" started-at="2025-04-12T23:40:09 IST" name="tearDown" finished-at="2025-04-12T23:40:20 IST" duration-ms="10933" status="PASS">
          <reporter-output>
          </reporter-output>
        </test-method> <!-- tearDown -->
        <test-method is-config="true" signature="setUp(java.lang.String)[pri:0, instance:testCases.TS001_LoginTest@11a9e7c8]" started-at="2025-04-12T23:40:20 IST" name="setUp" finished-at="2025-04-12T23:40:36 IST" duration-ms="15865" status="PASS">
          <params>
            <param index="0">
              <value>
                <![CDATA[chrome]]>
              </value>
            </param>
          </params>
          <reporter-output>
          </reporter-output>
        </test-method> <!-- setUp -->
        <test-method is-config="true" signature="setUp()[pri:0, instance:testCases.TS001_LoginTest@11a9e7c8]" started-at="2025-04-12T23:40:36 IST" name="setUp" finished-at="2025-04-12T23:40:36 IST" duration-ms="3" status="PASS">
          <reporter-output>
          </reporter-output>
        </test-method> <!-- setUp -->
        <test-method signature="verifyInvalidCredentials()[pri:2, instance:testCases.TS001_LoginTest@11a9e7c8]" started-at="2025-04-12T23:40:36 IST" name="verifyInvalidCredentials" finished-at="2025-04-12T23:40:38 IST" duration-ms="2358" status="PASS">
          <reporter-output>
          </reporter-output>
        </test-method> <!-- verifyInvalidCredentials -->
        <test-method is-config="true" signature="tearDown()[pri:0, instance:testCases.TS001_LoginTest@11a9e7c8]" started-at="2025-04-12T23:40:38 IST" name="tearDown" finished-at="2025-04-12T23:40:45 IST" duration-ms="7046" status="PASS">
          <reporter-output>
          </reporter-output>
        </test-method> <!-- tearDown -->
        <test-method is-config="true" signature="setUp(java.lang.String)[pri:0, instance:testCases.TS001_LoginTest@11a9e7c8]" started-at="2025-04-12T23:40:45 IST" name="setUp" finished-at="2025-04-12T23:41:00 IST" duration-ms="14728" status="PASS">
          <params>
            <param index="0">
              <value>
                <![CDATA[chrome]]>
              </value>
            </param>
          </params>
          <reporter-output>
          </reporter-output>
        </test-method> <!-- setUp -->
        <test-method is-config="true" signature="setUp()[pri:0, instance:testCases.TS001_LoginTest@11a9e7c8]" started-at="2025-04-12T23:41:00 IST" name="setUp" finished-at="2025-04-12T23:41:00 IST" duration-ms="0" status="PASS">
          <reporter-output>
          </reporter-output>
        </test-method> <!-- setUp -->
        <test-method signature="verifyValidCredentials()[pri:3, instance:testCases.TS001_LoginTest@11a9e7c8]" started-at="2025-04-12T23:41:00 IST" name="verifyValidCredentials" finished-at="2025-04-12T23:41:03 IST" duration-ms="2289" status="PASS">
          <reporter-output>
          </reporter-output>
        </test-method> <!-- verifyValidCredentials -->
        <test-method is-config="true" signature="tearDown()[pri:0, instance:testCases.TS001_LoginTest@11a9e7c8]" started-at="2025-04-12T23:41:03 IST" name="tearDown" finished-at="2025-04-12T23:41:08 IST" duration-ms="5485" status="PASS">
          <reporter-output>
          </reporter-output>
        </test-method> <!-- tearDown -->
      </class> <!-- testCases.TS001_LoginTest -->
    </test> <!-- Surefire test -->
  </suite> <!-- Surefire suite -->
</testng-results>
