<?xml version="1.0" encoding="UTF-8"?>
<!-- Generated by org.testng.reporters.JUnitXMLReporter -->
<testsuite ignored="0" hostname="DESKTOP-1MG21S9" failures="0" tests="3" name="Default test" time="22.491" errors="0" timestamp="2025-04-09T20:58:35 IST">
  <testcase classname="testCases.TC006_EditContactTest" name="verifyPageRedirectContact" time="1.031"/>
  <testcase classname="testCases.TC006_EditContactTest" name="verifyEditContactDetails" time="5.834"/>
  <testcase classname="testCases.TC006_EditContactTest" name="verifySaveEmptyFields" time="2.473"/>
</testsuite> <!-- Default test -->
