<?xml version="1.0" encoding="UTF-8"?>
<!-- Generated by org.testng.reporters.JUnitReportReporter -->
<testsuite hostname="DESKTOP-1MG21S9" failures="0" tests="4" name="testCases.TS003_SelectHotelTest" time="68.241" errors="0" timestamp="2025-04-12T23:19:02 IST" skipped="0">
  <testcase classname="testCases.TS003_SelectHotelTest" name="verifyContinueButton" time="13.715"/>
  <testcase classname="testCases.TS003_SelectHotelTest" name="verifyContinueButton" time="23.945"/>
  <testcase classname="testCases.TS003_SelectHotelTest" name="verifyBackandCancelButton" time="14.010"/>
  <testcase classname="testCases.TS003_SelectHotelTest" name="verifyBackandCancelButton" time="16.571"/>
</testsuite> <!-- testCases.TS003_SelectHotelTest -->
