<?xml version="1.0" encoding="UTF-8"?>
<!-- Generated by org.testng.reporters.JUnitXMLReporter -->
<testsuite ignored="4" hostname="DESKTOP-1MG21S9" failures="1" tests="28" name="Test" time="636.109" errors="0" timestamp="2025-04-12T23:19:01 IST">
  <testcase classname="testCases.TS006_BookedItineraryTest" name="verifyCheckAllAndCancelSelected" time="100.959"/>
  <testcase classname="testCases.TS006_BookedItineraryTest" name="verifySearchHotelButton" time="15.411"/>
  <testcase classname="testCases.TS006_BookedItineraryTest" name="verifyLogout" time="25.864"/>
  <testcase classname="testCases.TS001_LoginTest" name="verifyLoginBtnVisible" time="2.147"/>
  <testcase classname="testCases.TS001_LoginTest" name="verifyInvalidCredentials" time="1.104"/>
  <testcase classname="testCases.TS001_LoginTest" name="verifyValidCredentials" time="5.587"/>
  <testcase classname="testCases.TS002_SearchHotelTest" name="verifyWelcomeText" time="0.053"/>
  <testcase classname="testCases.TS002_SearchHotelTest" name="searchHotelByAllDetails" time="2.281"/>
  <testcase classname="testCases.TS002_SearchHotelTest" name="searchHotelByAllDetails" time="2.226"/>
  <testcase classname="testCases.TS002_SearchHotelTest" name="searchHotelbyDefaultDetails" time="1.186"/>
  <testcase classname="testCases.TS002_SearchHotelTest" name="verifyResetButton" time="2.325"/>
  <testcase classname="testCases.TS002_SearchHotelTest" name="verifyResetButton" time="2.205"/>
  <testcase classname="testCases.TS003_SelectHotelTest" name="verifyContinueButton" time="4.696"/>
  <testcase classname="testCases.TS003_SelectHotelTest" name="verifyContinueButton" time="3.558"/>
  <testcase classname="testCases.TS003_SelectHotelTest" name="verifyBackandCancelButton" time="4.756"/>
  <testcase classname="testCases.TS003_SelectHotelTest" name="verifyBackandCancelButton" time="6.044"/>
  <testcase classname="testCases.TS004_BookHotelTest" name="verifyBookingByValidDetails" time="12.206"/>
  <testcase classname="testCases.TS004_BookHotelTest" name="verifyBookingByValidDetails" time="12.912"/>
  <testcase classname="testCases.TS004_BookHotelTest" name="verifyCancelButton" time="4.732"/>
  <testcase classname="testCases.TS004_BookHotelTest" name="verifyCancelButton" time="5.596"/>
  <testcase classname="testCases.TS004_BookHotelTest" name="verifyPassingCvvNumber" time="4.38"/>
  <testcase classname="testCases.TS004_BookHotelTest" name="verifyPassingCreditCardNumber" time="4.776"/>
  <testcase classname="testCases.TS004_BookHotelTest" name="verifyNonEditableFields" time="5.069"/>
  <testcase classname="testCases.TS004_BookHotelTest" name="verifyNonEditableFields" time="5.463"/>
  <testcase classname="testCases.TS005_BookingConfirmTest" name="verifyPopulatedFields" time="11.374"/>
  <testcase classname="testCases.TS005_BookingConfirmTest" name="verifyMyItinerary" time="28.665"/>
  <testcase classname="testCases.TS005_BookingConfirmTest" name="verifySearchHotelPage" time="11.565"/>
  <testcase classname="testCases.TS005_BookingConfirmTest" name="verifyLogoutButton" time="13.282">
    <failure type="java.lang.AssertionError" message="null">
      <![CDATA[java.lang.AssertionError: null
at testCases.TS005_BookingConfirmTest.verifyLogoutButton(TS005_BookingConfirmTest.java:156)
at java.base/java.util.ArrayList.forEach(ArrayList.java:1511)
... Removed 29 stack frames]]>
    </failure>
  </testcase> <!-- verifyLogoutButton -->
  <testcase classname="testCases.TS006_BookedItineraryTest" name="verifySearchInvalidOrder" time="0.0">
    <ignored/>
  </testcase> <!-- verifySearchInvalidOrder -->
  <testcase classname="testCases.TS006_BookedItineraryTest" name="verifyCancelOrder" time="0.0">
    <ignored/>
  </testcase> <!-- verifyCancelOrder -->
  <testcase classname="testCases.TS006_BookedItineraryTest" name="verifySearchOrderId" time="0.0">
    <ignored/>
  </testcase> <!-- verifySearchOrderId -->
  <testcase classname="testCases.TS006_BookedItineraryTest" name="verifyCancelSelected" time="0.0">
    <ignored/>
  </testcase> <!-- verifyCancelSelected -->
</testsuite> <!-- Test -->
