<?xml version="1.0" encoding="UTF-8"?>
<!-- Generated by org.testng.reporters.JUnitXMLReporter -->
<testsuite ignored="0" hostname="DESKTOP-1MG21S9" failures="0" tests="18" name="Test" time="82.652" errors="0" timestamp="2025-04-09T22:46:01 IST">
  <testcase classname="testCases.TC001_SignUpTest" name="btnSignUpVisible" time="0.104"/>
  <testcase classname="testCases.TC001_SignUpTest" name="btnSignUpClcikable" time="0.044"/>
  <testcase classname="testCases.TC001_SignUpTest" name="verifySignUpBtn" time="0.744"/>
  <testcase classname="testCases.TC002_LoginTest" name="verifyLoginVisible" time="0.051"/>
  <testcase classname="testCases.TC002_LoginTest" name="verifyLoginClickable" time="0.035"/>
  <testcase classname="testCases.TC002_LoginTest" name="verifyLogin" time="3.596"/>
  <testcase classname="testCases.TC003_HomeScreenTest" name="verifyAllMenuDisplay" time="2.757"/>
  <testcase classname="testCases.TC003_HomeScreenTest" name="verifyAllCategories" time="0.081"/>
  <testcase classname="testCases.TC003_HomeScreenTest" name="verifyLogo" time="0.027"/>
  <testcase classname="testCases.TC004_ProductCategoryDisplayTest" name="verifyClickProduct" time="1.834"/>
  <testcase classname="testCases.TC004_ProductCategoryDisplayTest" name="verifyProductdetails" time="0.693"/>
  <testcase classname="testCases.TC004_ProductCategoryDisplayTest" name="verifyAddToCart" time="6.747"/>
  <testcase classname="testCases.TC005_CartTest" name="verifyDelete" time="5.172"/>
  <testcase classname="testCases.TC005_CartTest" name="verifyPrice" time="1.155"/>
  <testcase classname="testCases.TC006_PurchaseTest" name="verifyPageRedirect" time="0.72"/>
  <testcase classname="testCases.TC006_PurchaseTest" name="verifyPurchase" time="0.805"/>
  <testcase classname="testCases.TC007_LogoutTest" name="verifyLogOutvisible" time="0.664"/>
  <testcase classname="testCases.TC007_LogoutTest" name="verifyLogoutRedirect" time="0.279"/>
</testsuite> <!-- Test -->
