<?xml version="1.0" encoding="UTF-8"?>
<!-- Generated by org.testng.reporters.JUnitXMLReporter -->
<testsuite ignored="0" hostname="DESKTOP-1MG21S9" failures="0" tests="18" name="Test" time="256.459" errors="0" timestamp="2025-04-08T17:42:09 IST">
  <testcase classname="testCases.TC005_CartTest" name="verifyDelete" time="60.181"/>
  <testcase classname="testCases.TC005_CartTest" name="verifyPrice" time="60.105"/>
  <testcase classname="testCases.TC002_LoginTest" name="verifyLoginVisible" time="0.055"/>
  <testcase classname="testCases.TC002_LoginTest" name="verifyLoginClickable" time="0.079"/>
  <testcase classname="testCases.TC002_LoginTest" name="verifyLogin" time="3.619"/>
  <testcase classname="testCases.TC007_LogoutTest" name="verifyLogOutvisible" time="0.063"/>
  <testcase classname="testCases.TC007_LogoutTest" name="verifyLogoutRedirect" time="0.55"/>
  <testcase classname="testCases.TC001_SignUpTest" name="btnSignUpVisible" time="0.042"/>
  <testcase classname="testCases.TC001_SignUpTest" name="btnSignUpClcikable" time="0.036"/>
  <testcase classname="testCases.TC001_SignUpTest" name="verifySignUpBtn" time="0.69"/>
  <testcase classname="testCases.TC003_HomeScreenTest" name="verifyAllMenuDisplay" time="3.295"/>
  <testcase classname="testCases.TC003_HomeScreenTest" name="verifyAllCategories" time="0.096"/>
  <testcase classname="testCases.TC003_HomeScreenTest" name="verifyLogo" time="0.242"/>
  <testcase classname="testCases.TC006_PurchaseTest" name="verifyPageRedirect" time="0.766"/>
  <testcase classname="testCases.TC006_PurchaseTest" name="verifyPurchase" time="2.606"/>
  <testcase classname="testCases.TC004_ProductCategoryDisplayTest" name="verifyClickProduct" time="0.875"/>
  <testcase classname="testCases.TC004_ProductCategoryDisplayTest" name="verifyProductdetails" time="0.743"/>
  <testcase classname="testCases.TC004_ProductCategoryDisplayTest" name="verifyAddToCart" time="40.129"/>
</testsuite> <!-- Test -->
