<?xml version="1.0" encoding="UTF-8"?>
<!-- Generated by org.testng.reporters.JUnitXMLReporter -->
<testsuite ignored="0" hostname="DESKTOP-1MG21S9" failures="0" tests="19" name="Surefire test" time="102.645" errors="0" timestamp="2025-03-31T15:31:01 IST">
  <testcase classname="testCases.TC001_LoginTest" name="isLoginBtnVisible" time="1.052"/>
  <testcase classname="testCases.TC001_LoginTest" name="isLoginBtnClickable" time="0.207"/>
  <testcase classname="testCases.TC001_LoginTest" name="verifyInvalidLogin" time="1.801"/>
  <testcase classname="testCases.TC001_LoginTest" name="verifyLogin" time="2.466"/>
  <testcase classname="testCases.TC002_SignUpTest" name="verifySignUpVisible" time="0.045"/>
  <testcase classname="testCases.TC002_SignUpTest" name="verifySignUpEnabled" time="0.039"/>
  <testcase classname="testCases.TC002_SignUpTest" name="verifySignUpClick" time="0.796"/>
  <testcase classname="testCases.TC003_AddContactTest" name="verifyAddAllFields" time="2.236"/>
  <testcase classname="testCases.TC003_AddContactTest" name="verifyAddDuplicateFields" time="2.448"/>
  <testcase classname="testCases.TC003_AddContactTest" name="verifyInvalidDOBFormat" time="4.954"/>
  <testcase classname="testCases.TC003_AddContactTest" name="verifyAddWoOptionalFields" time="1.479"/>
  <testcase classname="testCases.TC004_DeleteContactTest" name="isAlertComingForDelete" time="2.454"/>
  <testcase classname="testCases.TC004_DeleteContactTest" name="verifyDeleteContact" time="2.594"/>
  <testcase classname="testCases.TC005_ContactDisplayTest" name="verifyAddedContact" time="1.541"/>
  <testcase classname="testCases.TC005_ContactDisplayTest" name="verifyPhoneNumberExtensions" time="2.187"/>
  <testcase classname="testCases.TC006_EditContactTest" name="verifyPageRedirectContact" time="1.107"/>
  <testcase classname="testCases.TC006_EditContactTest" name="verifyEditContactDetails" time="3.06"/>
  <testcase classname="testCases.TC007_LogoutTest" name="verifyBtnLogoutVisible" time="1.89"/>
  <testcase classname="testCases.TC007_LogoutTest" name="verifyBtnLogout" time="2.057"/>
</testsuite> <!-- Surefire test -->
