<?xml version="1.0" encoding="UTF-8"?>
<!-- Generated by org.testng.reporters.JUnitXMLReporter -->
<testsuite ignored="0" hostname="DESKTOP-1MG21S9" failures="0" tests="21" name="Surefire test" time="176.319" errors="0" timestamp="2025-04-09T21:13:44 IST">
  <testcase classname="testCases.TC001_LoginTest" name="isLoginBtnVisible" time="0.142"/>
  <testcase classname="testCases.TC001_LoginTest" name="isLoginBtnClickable" time="0.186"/>
  <testcase classname="testCases.TC001_LoginTest" name="verifyInvalidLogin" time="1.934"/>
  <testcase classname="testCases.TC001_LoginTest" name="verifyLogin" time="1.967"/>
  <testcase classname="testCases.TC002_SignUpTest" name="verifySignUpVisible" time="0.09"/>
  <testcase classname="testCases.TC002_SignUpTest" name="verifySignUpEnabled" time="0.057"/>
  <testcase classname="testCases.TC002_SignUpTest" name="verifySignUpClick" time="1.042"/>
  <testcase classname="testCases.TC003_AddContactTest" name="verifyAddAllFields" time="3.494"/>
  <testcase classname="testCases.TC003_AddContactTest" name="verifyAddDuplicateFields" time="5.691"/>
  <testcase classname="testCases.TC003_AddContactTest" name="verifyInvalidDOBFormat" time="4.375"/>
  <testcase classname="testCases.TC003_AddContactTest" name="verifyAddWoOptionalFields" time="4.081"/>
  <testcase classname="testCases.TC004_DeleteContactTest" name="isAlertComingForDelete" time="3.597"/>
  <testcase classname="testCases.TC004_DeleteContactTest" name="verifyDeleteContact" time="2.748"/>
  <testcase classname="testCases.TC005_ContactDisplayTest" name="verifyAddedContact" time="2.164"/>
  <testcase classname="testCases.TC005_ContactDisplayTest" name="verifyPhoneNumberExtensions" time="1.037"/>
  <testcase classname="testCases.TC005_ContactDisplayTest" name="verifySortLastName" time="0.444"/>
  <testcase classname="testCases.TC006_EditContactTest" name="verifyPageRedirectContact" time="1.006"/>
  <testcase classname="testCases.TC006_EditContactTest" name="verifyEditContactDetails" time="5.877"/>
  <testcase classname="testCases.TC006_EditContactTest" name="verifySaveEmptyFields" time="2.525"/>
  <testcase classname="testCases.TC007_LogoutTest" name="verifyBtnLogoutVisible" time="1.408"/>
  <testcase classname="testCases.TC007_LogoutTest" name="verifyBtnLogout" time="1.366"/>
</testsuite> <!-- Surefire test -->
