<?xml version="1.0" encoding="UTF-8"?>
<!-- Generated by org.testng.reporters.JUnitReportReporter -->
<testsuite hostname="DESKTOP-1MG21S9" failures="0" tests="8" name="testCases.TS004_BookHotelTest" time="124.290" errors="0" timestamp="2025-04-12T23:19:02 IST" skipped="0">
  <testcase classname="testCases.TS004_BookHotelTest" name="verifyBookingByValidDetails" time="18.332"/>
  <testcase classname="testCases.TS004_BookHotelTest" name="verifyBookingByValidDetails" time="20.916"/>
  <testcase classname="testCases.TS004_BookHotelTest" name="verifyCancelButton" time="14.885"/>
  <testcase classname="testCases.TS004_BookHotelTest" name="verifyCancelButton" time="12.612"/>
  <testcase classname="testCases.TS004_BookHotelTest" name="verifyPassingCvvNumber" time="13.987"/>
  <testcase classname="testCases.TS004_BookHotelTest" name="verifyPassingCreditCardNumber" time="11.875"/>
  <testcase classname="testCases.TS004_BookHotelTest" name="verifyNonEditableFields" time="17.938"/>
  <testcase classname="testCases.TS004_BookHotelTest" name="verifyNonEditableFields" time="13.745"/>
</testsuite> <!-- testCases.TS004_BookHotelTest -->
