<?xml version="1.0" encoding="UTF-8"?>
<!-- Generated by org.testng.reporters.JUnitReportReporter -->
<testsuite hostname="DESKTOP-1MG21S9" failures="0" tests="4" name="testCases.TS003_SelectHotelTest" time="49.894" errors="0" timestamp="2025-04-12T23:54:29 IST" skipped="0">
  <testcase classname="testCases.TS003_SelectHotelTest" name="verifyContinueButton" time="10.410"/>
  <testcase classname="testCases.TS003_SelectHotelTest" name="verifyContinueButton" time="11.774"/>
  <testcase classname="testCases.TS003_SelectHotelTest" name="verifyBackandCancelButton" time="15.288"/>
  <testcase classname="testCases.TS003_SelectHotelTest" name="verifyBackandCancelButton" time="12.422"/>
</testsuite> <!-- testCases.TS003_SelectHotelTest -->
