<?xml version="1.0" encoding="UTF-8"?>
<!-- Generated by org.testng.reporters.JUnitReportReporter -->
<testsuite hostname="DESKTOP-1MG21S9" failures="0" tests="8" name="testCases.TS004_BookHotelTest" time="131.418" errors="0" timestamp="2025-04-12T23:54:29 IST" skipped="0">
  <testcase classname="testCases.TS004_BookHotelTest" name="verifyBookingByValidDetails" time="21.959"/>
  <testcase classname="testCases.TS004_BookHotelTest" name="verifyBookingByValidDetails" time="19.852"/>
  <testcase classname="testCases.TS004_BookHotelTest" name="verifyCancelButton" time="14.649"/>
  <testcase classname="testCases.TS004_BookHotelTest" name="verifyCancelButton" time="12.485"/>
  <testcase classname="testCases.TS004_BookHotelTest" name="verifyPassingCvvNumber" time="13.622"/>
  <testcase classname="testCases.TS004_BookHotelTest" name="verifyPassingCreditCardNumber" time="18.876"/>
  <testcase classname="testCases.TS004_BookHotelTest" name="verifyNonEditableFields" time="11.589"/>
  <testcase classname="testCases.TS004_BookHotelTest" name="verifyNonEditableFields" time="18.386"/>
</testsuite> <!-- testCases.TS004_BookHotelTest -->
