<?xml version="1.0" encoding="UTF-8"?>
<!-- Generated by org.testng.reporters.JUnitXMLReporter -->
<testsuite ignored="0" hostname="DESKTOP-1MG21S9" failures="0" tests="21" name="ChromeTest" time="93.714" errors="0" timestamp="2025-04-09T21:02:46 IST">
  <testcase classname="testCases.TC001_LoginTest" name="isLoginBtnVisible" time="0.048"/>
  <testcase classname="testCases.TC001_LoginTest" name="isLoginBtnClickable" time="0.041"/>
  <testcase classname="testCases.TC001_LoginTest" name="verifyInvalidLogin" time="1.192"/>
  <testcase classname="testCases.TC001_LoginTest" name="verifyLogin" time="1.738"/>
  <testcase classname="testCases.TC002_SignUpTest" name="verifySignUpVisible" time="0.086"/>
  <testcase classname="testCases.TC002_SignUpTest" name="verifySignUpEnabled" time="0.066"/>
  <testcase classname="testCases.TC002_SignUpTest" name="verifySignUpClick" time="1.114"/>
  <testcase classname="testCases.TC003_AddContactTest" name="verifyAddAllFields" time="2.853"/>
  <testcase classname="testCases.TC003_AddContactTest" name="verifyAddDuplicateFields" time="3.45"/>
  <testcase classname="testCases.TC003_AddContactTest" name="verifyInvalidDOBFormat" time="4.01"/>
  <testcase classname="testCases.TC003_AddContactTest" name="verifyAddWoOptionalFields" time="3.509"/>
  <testcase classname="testCases.TC004_DeleteContactTest" name="isAlertComingForDelete" time="2.496"/>
  <testcase classname="testCases.TC004_DeleteContactTest" name="verifyDeleteContact" time="2.513"/>
  <testcase classname="testCases.TC005_ContactDisplayTest" name="verifyAddedContact" time="1.646"/>
  <testcase classname="testCases.TC005_ContactDisplayTest" name="verifyPhoneNumberExtensions" time="0.28"/>
  <testcase classname="testCases.TC005_ContactDisplayTest" name="verifySortLastName" time="0.134"/>
  <testcase classname="testCases.TC006_EditContactTest" name="verifyPageRedirectContact" time="0.91"/>
  <testcase classname="testCases.TC006_EditContactTest" name="verifyEditContactDetails" time="4.395"/>
  <testcase classname="testCases.TC006_EditContactTest" name="verifySaveEmptyFields" time="2.419"/>
  <testcase classname="testCases.TC007_LogoutTest" name="verifyBtnLogoutVisible" time="0.991"/>
  <testcase classname="testCases.TC007_LogoutTest" name="verifyBtnLogout" time="0.737"/>
</testsuite> <!-- ChromeTest -->
