<?xml version="1.0" encoding="UTF-8"?>
<!-- Generated by org.testng.reporters.JUnitReportReporter -->
<testsuite hostname="DESKTOP-1MG21S9" failures="0" tests="3" name="testCases.TS001_LoginTest" time="115.921" errors="0" timestamp="2025-04-12T23:54:29 IST" skipped="0">
  <testcase classname="testCases.TS001_LoginTest" name="verifyLoginBtnVisible" time="24.346"/>
  <testcase classname="testCases.TS001_LoginTest" name="verifyInvalidCredentials" time="24.624"/>
  <testcase classname="testCases.TS001_LoginTest" name="verifyValidCredentials" time="66.951"/>
</testsuite> <!-- testCases.TS001_LoginTest -->
