<?xml version="1.0" encoding="UTF-8"?>
<!-- Generated by org.testng.reporters.JUnitReportReporter -->
<testsuite hostname="DESKTOP-1MG21S9" failures="0" tests="6" name="testCases.TS002_SearchHotelTest" time="119.755" errors="0" timestamp="2025-04-12T23:54:29 IST" skipped="0">
  <testcase classname="testCases.TS002_SearchHotelTest" name="verifyWelcomeText" time="5.622"/>
  <testcase classname="testCases.TS002_SearchHotelTest" name="searchHotelByAllDetails" time="22.462"/>
  <testcase classname="testCases.TS002_SearchHotelTest" name="searchHotelByAllDetails" time="13.303"/>
  <testcase classname="testCases.TS002_SearchHotelTest" name="searchHotelbyDefaultDetails" time="57.883"/>
  <testcase classname="testCases.TS002_SearchHotelTest" name="verifyResetButton" time="12.918"/>
  <testcase classname="testCases.TS002_SearchHotelTest" name="verifyResetButton" time="7.567"/>
</testsuite> <!-- testCases.TS002_SearchHotelTest -->
