<?xml version="1.0" encoding="UTF-8"?>
<!-- Generated by org.testng.reporters.JUnitXMLReporter -->
<testsuite ignored="0" hostname="DESKTOP-1MG21S9" failures="0" tests="18" name="Surefire test" time="153.606" errors="0" timestamp="2025-04-08T19:06:37 IST">
  <testcase classname="testCases.TC001_SignUpTest" name="btnSignUpVisible" time="0.819"/>
  <testcase classname="testCases.TC001_SignUpTest" name="btnSignUpClcikable" time="0.399"/>
  <testcase classname="testCases.TC001_SignUpTest" name="verifySignUpBtn" time="1.001"/>
  <testcase classname="testCases.TC002_LoginTest" name="verifyLoginVisible" time="0.139"/>
  <testcase classname="testCases.TC002_LoginTest" name="verifyLoginClickable" time="0.052"/>
  <testcase classname="testCases.TC002_LoginTest" name="verifyLogin" time="3.47"/>
  <testcase classname="testCases.TC003_HomeScreenTest" name="verifyAllMenuDisplay" time="1.817"/>
  <testcase classname="testCases.TC003_HomeScreenTest" name="verifyAllCategories" time="0.126"/>
  <testcase classname="testCases.TC003_HomeScreenTest" name="verifyLogo" time="0.04"/>
  <testcase classname="testCases.TC004_ProductCategoryDisplayTest" name="verifyClickProduct" time="1.027"/>
  <testcase classname="testCases.TC004_ProductCategoryDisplayTest" name="verifyProductdetails" time="1.266"/>
  <testcase classname="testCases.TC004_ProductCategoryDisplayTest" name="verifyAddToCart" time="7.215"/>
  <testcase classname="testCases.TC005_CartTest" name="verifyDelete" time="6.584"/>
  <testcase classname="testCases.TC005_CartTest" name="verifyPrice" time="1.273"/>
  <testcase classname="testCases.TC006_PurchaseTest" name="verifyPageRedirect" time="0.915"/>
  <testcase classname="testCases.TC006_PurchaseTest" name="verifyPurchase" time="1.44"/>
  <testcase classname="testCases.TC007_LogoutTest" name="verifyLogOutvisible" time="0.074"/>
  <testcase classname="testCases.TC007_LogoutTest" name="verifyLogoutRedirect" time="0.62"/>
</testsuite> <!-- Surefire test -->
